19:31:17:956  INFO 16684 --- [main] com.hmall.pay.PayApplication             : The following 1 profile is active: "local"
19:31:20:921  INFO 16684 --- [main] o.s.cloud.context.scope.GenericScope     : BeanFactory id=f29d29a1-c663-3a67-b1ab-6c5759418567
19:31:22:434  INFO 16684 --- [main] o.s.b.w.embedded.tomcat.TomcatWebServer  : Tomcat initialized with port(s): 8084 (http)
19:31:22:454  INFO 16684 --- [main] o.apache.catalina.core.StandardService   : Starting service [Tomcat]
19:31:22:455  INFO 16684 --- [main] org.apache.catalina.core.StandardEngine  : Starting Servlet engine: [Apache Tomcat/9.0.75]
19:31:22:793  INFO 16684 --- [main] o.a.c.c.C.[Tomcat].[localhost].[/]       : Initializing Spring embedded WebApplicationContext
19:31:22:795  INFO 16684 --- [main] w.s.c.ServletWebServerApplicationContext : Root WebApplicationContext: initialization completed in 4759 ms
19:31:23:439  INFO 16684 --- [main] o.s.c.openfeign.FeignClientFactoryBean   : For 'user-service' URL not provided. Will try picking an instance via load-balancing.
19:31:23:829  INFO 16684 --- [main] o.s.c.openfeign.FeignClientFactoryBean   : For 'trade-service' URL not provided. Will try picking an instance via load-balancing.
19:31:24:768  INFO 16684 --- [main] c.a.c.sentinel.SentinelWebMvcConfigurer  : [Sentinel Starter] register SentinelWebInterceptor with urlPatterns: [/**].
19:31:25:622  INFO 16684 --- [main] pertySourcedRequestMappingHandlerMapping : Mapped URL path [/v2/api-docs] onto method [springfox.documentation.swagger2.web.Swagger2ControllerWebMvc#getDocumentation(String, HttpServletRequest)]
19:31:26:032  INFO 16684 --- [main] com.alibaba.nacos.common.remote.client   : [RpcClientFactory] create a new rpc client of 0775df14-538a-4ffd-b05c-1c961d579cfa
19:31:26:034  INFO 16684 --- [main] com.alibaba.nacos.common.remote.client   : [0775df14-538a-4ffd-b05c-1c961d579cfa] RpcClient init label, labels = {module=naming, source=sdk}
19:31:26:037  INFO 16684 --- [main] com.alibaba.nacos.common.remote.client   : [0775df14-538a-4ffd-b05c-1c961d579cfa] RpcClient init, ServerListFactory = com.alibaba.nacos.client.naming.core.ServerListManager
19:31:26:038  INFO 16684 --- [main] com.alibaba.nacos.common.remote.client   : [0775df14-538a-4ffd-b05c-1c961d579cfa] Registry connection listener to current client:com.alibaba.nacos.client.naming.remote.gprc.redo.NamingGrpcRedoService
19:31:26:039  INFO 16684 --- [main] com.alibaba.nacos.common.remote.client   : [0775df14-538a-4ffd-b05c-1c961d579cfa] Register server push request handler:com.alibaba.nacos.client.naming.remote.gprc.NamingPushRequestHandler
19:31:26:040  INFO 16684 --- [main] com.alibaba.nacos.common.remote.client   : [0775df14-538a-4ffd-b05c-1c961d579cfa] Try to connect to server on start up, server: {serverIp = '192.168.163.130', server main port = 8848}
19:31:26:176  INFO 16684 --- [main] com.alibaba.nacos.common.remote.client   : [0775df14-538a-4ffd-b05c-1c961d579cfa] Success to connect to server [192.168.163.130:8848] on start up, connectionId = 1735212686216_192.168.163.133_58408
19:31:26:176  INFO 16684 --- [main] com.alibaba.nacos.common.remote.client   : [0775df14-538a-4ffd-b05c-1c961d579cfa] Register server push request handler:com.alibaba.nacos.common.remote.client.RpcClient$ConnectResetRequestHandler
19:31:26:176  INFO 16684 --- [com.alibaba.nacos.client.remote.worker] com.alibaba.nacos.common.remote.client   : [0775df14-538a-4ffd-b05c-1c961d579cfa] Notify connected event to listeners.
19:31:26:177  INFO 16684 --- [main] com.alibaba.nacos.common.remote.client   : [0775df14-538a-4ffd-b05c-1c961d579cfa] Register server push request handler:com.alibaba.nacos.common.remote.client.RpcClient$$Lambda/0x00000207014c7120
19:31:26:228  INFO 16684 --- [main] o.s.b.w.embedded.tomcat.TomcatWebServer  : Tomcat started on port(s): 8084 (http) with context path ''
19:31:26:239  INFO 16684 --- [main] c.a.c.n.registry.NacosServiceRegistry    : nacos registry, DEFAULT_GROUP pay-service 10.244.21.17:8084 register finished
19:31:26:248  INFO 16684 --- [main] d.s.w.p.DocumentationPluginsBootstrapper : Documentation plugins bootstrapped
19:31:26:252  INFO 16684 --- [main] d.s.w.p.DocumentationPluginsBootstrapper : Found 1 custom documentation plugin(s)
19:31:26:274  INFO 16684 --- [main] s.d.s.w.s.ApiListingReferenceScanner     : Scanning for api listing references
19:31:26:493  INFO 16684 --- [main] com.hmall.pay.PayApplication             : Started PayApplication in 13.176 seconds (JVM running for 14.317)
19:31:26:513  INFO 16684 --- [main] c.a.c.n.refresh.NacosContextRefresher    : [Nacos Config] Listening config: dataId=pay-service, group=DEFAULT_GROUP
19:31:26:515  INFO 16684 --- [main] c.a.c.n.refresh.NacosContextRefresher    : [Nacos Config] Listening config: dataId=pay-service.yaml, group=DEFAULT_GROUP
19:31:26:516  INFO 16684 --- [main] c.a.c.n.refresh.NacosContextRefresher    : [Nacos Config] Listening config: dataId=pay-service-local.yaml, group=DEFAULT_GROUP
19:31:26:752  INFO 16684 --- [nacos-grpc-client-executor-6] com.alibaba.nacos.common.remote.client   : [0775df14-538a-4ffd-b05c-1c961d579cfa] Receive server push request, request = NotifySubscriberRequest, requestId = 201
19:31:26:757  INFO 16684 --- [nacos-grpc-client-executor-6] com.alibaba.nacos.common.remote.client   : [0775df14-538a-4ffd-b05c-1c961d579cfa] Ack server push request, request = NotifySubscriberRequest, requestId = 201
19:33:54:962  INFO 16684 --- [http-nio-8084-exec-2] o.a.c.c.C.[Tomcat].[localhost].[/]       : Initializing Spring DispatcherServlet 'dispatcherServlet'
19:33:54:964  INFO 16684 --- [http-nio-8084-exec-2] o.s.web.servlet.DispatcherServlet        : Initializing Servlet 'dispatcherServlet'
19:33:54:967  INFO 16684 --- [http-nio-8084-exec-2] o.s.web.servlet.DispatcherServlet        : Completed initialization in 3 ms
19:33:55:376  WARN 16684 --- [http-nio-8084-exec-2] c.b.m.c.t.support.ReflectLambdaMeta      : Unable to make field private final java.lang.Class java.lang.invoke.SerializedLambda.capturingClass accessible: module java.base does not "opens java.lang.invoke" to unnamed module @6a6afff2
19:33:55:424  INFO 16684 --- [http-nio-8084-exec-2] com.zaxxer.hikari.HikariDataSource       : HikariPool-1 - Starting...
19:33:56:412  INFO 16684 --- [http-nio-8084-exec-2] com.zaxxer.hikari.HikariDataSource       : HikariPool-1 - Start completed.
19:33:56:434 DEBUG 16684 --- [http-nio-8084-exec-2] c.h.p.mapper.PayOrderMapper.selectList   : ==>  Preparing: SELECT id,biz_order_no,pay_order_no,biz_user_id,pay_channel_code,amount,pay_type,status,expand_json,result_code,result_msg,pay_success_time,pay_over_time,qr_code_url,create_time,update_time,creater,updater,is_delete FROM pay_order WHERE (biz_order_no = ?)
19:33:56:494 DEBUG 16684 --- [http-nio-8084-exec-2] c.h.p.mapper.PayOrderMapper.selectList   : ==> Parameters: 1871933296552800257(Long)
19:33:56:583 DEBUG 16684 --- [http-nio-8084-exec-2] c.h.p.mapper.PayOrderMapper.selectList   : <==      Total: 1
19:34:49:885 DEBUG 16684 --- [http-nio-8084-exec-1] c.h.p.mapper.PayOrderMapper.selectList   : ==>  Preparing: SELECT id,biz_order_no,pay_order_no,biz_user_id,pay_channel_code,amount,pay_type,status,expand_json,result_code,result_msg,pay_success_time,pay_over_time,qr_code_url,create_time,update_time,creater,updater,is_delete FROM pay_order WHERE (biz_order_no = ?)
19:34:49:887 DEBUG 16684 --- [http-nio-8084-exec-1] c.h.p.mapper.PayOrderMapper.selectList   : ==> Parameters: 1872244672248786945(Long)
19:34:49:890 DEBUG 16684 --- [http-nio-8084-exec-1] c.h.p.mapper.PayOrderMapper.selectList   : <==      Total: 0
19:34:49:973 DEBUG 16684 --- [http-nio-8084-exec-1] c.h.pay.mapper.PayOrderMapper.insert     : ==>  Preparing: INSERT INTO pay_order ( id, biz_order_no, pay_order_no, biz_user_id, pay_channel_code, amount, pay_type, status, pay_over_time ) VALUES ( ?, ?, ?, ?, ?, ?, ?, ?, ? )
19:34:49:987 DEBUG 16684 --- [http-nio-8084-exec-1] c.h.pay.mapper.PayOrderMapper.insert     : ==> Parameters: 1872244675692318721(Long), 1872244672248786945(Long), 1872244675675541506(Long), 1(Long), balance(String), 13700(Integer), 5(Integer), 1(Integer), 2024-12-26T21:34:49.962000500(LocalDateTime)
19:34:49:999 DEBUG 16684 --- [http-nio-8084-exec-1] c.h.pay.mapper.PayOrderMapper.insert     : <==    Updates: 1
19:48:01:371 DEBUG 16684 --- [http-nio-8084-exec-4] c.h.p.mapper.PayOrderMapper.selectList   : ==>  Preparing: SELECT id,biz_order_no,pay_order_no,biz_user_id,pay_channel_code,amount,pay_type,status,expand_json,result_code,result_msg,pay_success_time,pay_over_time,qr_code_url,create_time,update_time,creater,updater,is_delete FROM pay_order WHERE (biz_order_no = ?)
19:48:01:372 DEBUG 16684 --- [http-nio-8084-exec-4] c.h.p.mapper.PayOrderMapper.selectList   : ==> Parameters: 1872247993802010626(Long)
19:48:01:374 DEBUG 16684 --- [http-nio-8084-exec-4] c.h.p.mapper.PayOrderMapper.selectList   : <==      Total: 0
19:48:01:376 DEBUG 16684 --- [http-nio-8084-exec-4] c.h.pay.mapper.PayOrderMapper.insert     : ==>  Preparing: INSERT INTO pay_order ( id, biz_order_no, pay_order_no, biz_user_id, pay_channel_code, amount, pay_type, status, pay_over_time ) VALUES ( ?, ?, ?, ?, ?, ?, ?, ?, ? )
19:48:01:377 DEBUG 16684 --- [http-nio-8084-exec-4] c.h.pay.mapper.PayOrderMapper.insert     : ==> Parameters: 1872247995081281538(Long), 1872247993802010626(Long), 1872247995081281537(Long), 1(Long), balance(String), 13700(Integer), 5(Integer), 1(Integer), 2024-12-26T21:48:01.375982100(LocalDateTime)
19:48:01:380 DEBUG 16684 --- [http-nio-8084-exec-4] c.h.pay.mapper.PayOrderMapper.insert     : <==    Updates: 1
19:53:46:144 DEBUG 16684 --- [http-nio-8084-exec-6] c.h.p.mapper.PayOrderMapper.selectList   : ==>  Preparing: SELECT id,biz_order_no,pay_order_no,biz_user_id,pay_channel_code,amount,pay_type,status,expand_json,result_code,result_msg,pay_success_time,pay_over_time,qr_code_url,create_time,update_time,creater,updater,is_delete FROM pay_order WHERE (biz_order_no = ?)
19:53:46:146 DEBUG 16684 --- [http-nio-8084-exec-6] c.h.p.mapper.PayOrderMapper.selectList   : ==> Parameters: 1872249439712817154(Long)
19:53:46:147 DEBUG 16684 --- [http-nio-8084-exec-6] c.h.p.mapper.PayOrderMapper.selectList   : <==      Total: 0
19:53:46:149 DEBUG 16684 --- [http-nio-8084-exec-6] c.h.pay.mapper.PayOrderMapper.insert     : ==>  Preparing: INSERT INTO pay_order ( id, biz_order_no, pay_order_no, biz_user_id, pay_channel_code, amount, pay_type, status, pay_over_time ) VALUES ( ?, ?, ?, ?, ?, ?, ?, ?, ? )
19:53:46:150 DEBUG 16684 --- [http-nio-8084-exec-6] c.h.pay.mapper.PayOrderMapper.insert     : ==> Parameters: 1872249441134694403(Long), 1872249439712817154(Long), 1872249441134694402(Long), 1(Long), balance(String), 13700(Integer), 5(Integer), 1(Integer), 2024-12-26T21:53:46.148415900(LocalDateTime)
19:53:46:153 DEBUG 16684 --- [http-nio-8084-exec-6] c.h.pay.mapper.PayOrderMapper.insert     : <==    Updates: 1
20:01:38:002 DEBUG 16684 --- [http-nio-8084-exec-8] c.h.p.mapper.PayOrderMapper.selectList   : ==>  Preparing: SELECT id,biz_order_no,pay_order_no,biz_user_id,pay_channel_code,amount,pay_type,status,expand_json,result_code,result_msg,pay_success_time,pay_over_time,qr_code_url,create_time,update_time,creater,updater,is_delete FROM pay_order WHERE (biz_order_no = ?)
20:01:38:004 DEBUG 16684 --- [http-nio-8084-exec-8] c.h.p.mapper.PayOrderMapper.selectList   : ==> Parameters: 1872251417868218370(Long)
20:01:38:010 DEBUG 16684 --- [http-nio-8084-exec-8] c.h.p.mapper.PayOrderMapper.selectList   : <==      Total: 0
20:01:38:013 DEBUG 16684 --- [http-nio-8084-exec-8] c.h.pay.mapper.PayOrderMapper.insert     : ==>  Preparing: INSERT INTO pay_order ( id, biz_order_no, pay_order_no, biz_user_id, pay_channel_code, amount, pay_type, status, pay_over_time ) VALUES ( ?, ?, ?, ?, ?, ?, ?, ?, ? )
20:01:38:014 DEBUG 16684 --- [http-nio-8084-exec-8] c.h.pay.mapper.PayOrderMapper.insert     : ==> Parameters: 1872251420305117186(Long), 1872251417868218370(Long), 1872251420305117185(Long), 1(Long), balance(String), 13700(Integer), 5(Integer), 1(Integer), 2024-12-26T22:01:38.011911400(LocalDateTime)
20:01:38:020 DEBUG 16684 --- [http-nio-8084-exec-8] c.h.pay.mapper.PayOrderMapper.insert     : <==    Updates: 1
