11:00:05:716  INFO 28612 --- [main] com.hmall.HMallApplication               : Starting HMallApplication using Java 23 on LAPTOP-CPIBO4RO with PID 28612 (C:\Users\12046\Desktop\routine\hmall\hm-service\target\classes started by 12046 in C:\Users\12046\Desktop\routine\hmall)
11:00:05:724 DEBUG 28612 --- [main] com.hmall.HMallApplication               : Running with Spring Boot v2.7.12, Spring v5.3.27
11:00:05:725  INFO 28612 --- [main] com.hmall.HMallApplication               : The following 1 profile is active: "dev"
11:00:06:683  INFO 28612 --- [main] .s.d.r.c.RepositoryConfigurationDelegate : Multiple Spring Data modules found, entering strict repository configuration mode
11:00:06:687  INFO 28612 --- [main] .s.d.r.c.RepositoryConfigurationDelegate : Bootstrapping Spring Data Redis repositories in DEFAULT mode.
11:00:06:735  INFO 28612 --- [main] .s.d.r.c.RepositoryConfigurationDelegate : Finished Spring Data repository scanning in 30 ms. Found 0 Redis repository interfaces.
11:00:07:543  INFO 28612 --- [main] o.s.b.w.embedded.tomcat.TomcatWebServer  : Tomcat initialized with port(s): 8080 (http)
11:00:07:554  INFO 28612 --- [main] o.apache.catalina.core.StandardService   : Starting service [Tomcat]
11:00:07:554  INFO 28612 --- [main] org.apache.catalina.core.StandardEngine  : Starting Servlet engine: [Apache Tomcat/9.0.75]
11:00:07:700  INFO 28612 --- [main] o.a.c.c.C.[Tomcat].[localhost].[/]       : Initializing Spring embedded WebApplicationContext
11:00:07:700  INFO 28612 --- [main] w.s.c.ServletWebServerApplicationContext : Root WebApplicationContext: initialization completed in 1901 ms
11:00:09:410  INFO 28612 --- [main] pertySourcedRequestMappingHandlerMapping : Mapped URL path [/v2/api-docs] onto method [springfox.documentation.swagger2.web.Swagger2ControllerWebMvc#getDocumentation(String, HttpServletRequest)]
11:00:09:801  WARN 28612 --- [main] ConfigServletWebServerApplicationContext : Exception encountered during context initialization - cancelling refresh attempt: org.springframework.context.ApplicationContextException: Failed to start bean 'webServerStartStop'; nested exception is org.springframework.boot.web.server.PortInUseException: Port 8080 is already in use
11:00:09:829  INFO 28612 --- [main] o.apache.catalina.core.StandardService   : Stopping service [Tomcat]
11:00:09:840  INFO 28612 --- [main] ConditionEvaluationReportLoggingListener : 

Error starting ApplicationContext. To display the conditions report re-run your application with 'debug' enabled.
11:00:09:861 ERROR 28612 --- [main] o.s.b.d.LoggingFailureAnalysisReporter   : 

***************************
APPLICATION FAILED TO START
***************************

Description:

Web server failed to start. Port 8080 was already in use.

Action:

Identify and stop the process that's listening on port 8080 or configure this application to listen on another port.

