19:31:22:049  INFO 5808 --- [main] com.hmall.trade.TradeApplication         : The following 1 profile is active: "local"
19:31:24:148  INFO 5808 --- [main] o.s.cloud.context.scope.GenericScope     : BeanFactory id=d0e275aa-a993-36f3-899b-4974a3a6081e
19:31:24:285  INFO 5808 --- [main] trationDelegate$BeanPostProcessorChecker : Bean 'io.seata.spring.boot.autoconfigure.SeataCoreAutoConfiguration' of type [io.seata.spring.boot.autoconfigure.SeataCoreAutoConfiguration] is not eligible for getting processed by all BeanPostProcessors (for example: not eligible for auto-proxying)
19:31:24:288  INFO 5808 --- [main] trationDelegate$BeanPostProcessorChecker : Bean 'springApplicationContextProvider' of type [io.seata.spring.boot.autoconfigure.provider.SpringApplicationContextProvider] is not eligible for getting processed by all BeanPostProcessors (for example: not eligible for auto-proxying)
19:31:24:291  INFO 5808 --- [main] trationDelegate$BeanPostProcessorChecker : Bean 'io.seata.spring.boot.autoconfigure.SeataAutoConfiguration' of type [io.seata.spring.boot.autoconfigure.SeataAutoConfiguration] is not eligible for getting processed by all BeanPostProcessors (for example: not eligible for auto-proxying)
19:31:24:384  INFO 5808 --- [main] trationDelegate$BeanPostProcessorChecker : Bean 'failureHandler' of type [io.seata.tm.api.DefaultFailureHandlerImpl] is not eligible for getting processed by all BeanPostProcessors (for example: not eligible for auto-proxying)
19:31:24:390  INFO 5808 --- [main] trationDelegate$BeanPostProcessorChecker : Bean 'org.springframework.cloud.commons.config.CommonsConfigAutoConfiguration' of type [org.springframework.cloud.commons.config.CommonsConfigAutoConfiguration] is not eligible for getting processed by all BeanPostProcessors (for example: not eligible for auto-proxying)
19:31:24:393  INFO 5808 --- [main] trationDelegate$BeanPostProcessorChecker : Bean 'org.springframework.cloud.client.loadbalancer.LoadBalancerDefaultMappingsProviderAutoConfiguration' of type [org.springframework.cloud.client.loadbalancer.LoadBalancerDefaultMappingsProviderAutoConfiguration] is not eligible for getting processed by all BeanPostProcessors (for example: not eligible for auto-proxying)
19:31:24:397  INFO 5808 --- [main] trationDelegate$BeanPostProcessorChecker : Bean 'loadBalancerClientsDefaultsMappingsProvider' of type [org.springframework.cloud.client.loadbalancer.LoadBalancerDefaultMappingsProviderAutoConfiguration$$Lambda/0x0000013c1f5cdaf0] is not eligible for getting processed by all BeanPostProcessors (for example: not eligible for auto-proxying)
19:31:24:399  INFO 5808 --- [main] trationDelegate$BeanPostProcessorChecker : Bean 'defaultsBindHandlerAdvisor' of type [org.springframework.cloud.commons.config.DefaultsBindHandlerAdvisor] is not eligible for getting processed by all BeanPostProcessors (for example: not eligible for auto-proxying)
19:31:24:406  INFO 5808 --- [main] trationDelegate$BeanPostProcessorChecker : Bean 'springCloudAlibabaConfiguration' of type [io.seata.spring.boot.autoconfigure.properties.SpringCloudAlibabaConfiguration] is not eligible for getting processed by all BeanPostProcessors (for example: not eligible for auto-proxying)
19:31:24:414  INFO 5808 --- [main] trationDelegate$BeanPostProcessorChecker : Bean 'seataProperties' of type [io.seata.spring.boot.autoconfigure.properties.SeataProperties] is not eligible for getting processed by all BeanPostProcessors (for example: not eligible for auto-proxying)
19:31:24:420  INFO 5808 --- [main] i.s.s.b.a.SeataAutoConfiguration         : Automatically configure Seata
19:31:24:547  INFO 5808 --- [main] io.seata.config.ConfigurationFactory     : load Configuration from :Spring Configuration
19:31:24:560  INFO 5808 --- [main] io.seata.config.ConfigurationFactory     : load Configuration from :Spring Configuration
19:31:24:708  INFO 5808 --- [main] i.s.s.a.GlobalTransactionScanner         : Initializing Global Transaction Clients ... 
19:31:24:906  INFO 5808 --- [main] i.s.core.rpc.netty.NettyClientBootstrap  : NettyClientBootstrap has started
19:31:25:146  INFO 5808 --- [main] com.alibaba.nacos.common.remote.client   : [RpcClientFactory] create a new rpc client of 92c44761-1001-495e-a042-8f562a80a651
19:31:25:147  INFO 5808 --- [main] com.alibaba.nacos.common.remote.client   : [92c44761-1001-495e-a042-8f562a80a651] RpcClient init label, labels = {module=naming, source=sdk}
19:31:25:151  INFO 5808 --- [main] com.alibaba.nacos.common.remote.client   : [92c44761-1001-495e-a042-8f562a80a651] RpcClient init, ServerListFactory = com.alibaba.nacos.client.naming.core.ServerListManager
19:31:25:152  INFO 5808 --- [main] com.alibaba.nacos.common.remote.client   : [92c44761-1001-495e-a042-8f562a80a651] Registry connection listener to current client:com.alibaba.nacos.client.naming.remote.gprc.redo.NamingGrpcRedoService
19:31:25:154  INFO 5808 --- [main] com.alibaba.nacos.common.remote.client   : [92c44761-1001-495e-a042-8f562a80a651] Register server push request handler:com.alibaba.nacos.client.naming.remote.gprc.NamingPushRequestHandler
19:31:25:155  INFO 5808 --- [main] com.alibaba.nacos.common.remote.client   : [92c44761-1001-495e-a042-8f562a80a651] Try to connect to server on start up, server: {serverIp = '192.168.163.130', server main port = 8848}
19:31:25:304  INFO 5808 --- [main] com.alibaba.nacos.common.remote.client   : [92c44761-1001-495e-a042-8f562a80a651] Success to connect to server [192.168.163.130:8848] on start up, connectionId = 1735212685336_192.168.163.133_58406
19:31:25:304  INFO 5808 --- [main] com.alibaba.nacos.common.remote.client   : [92c44761-1001-495e-a042-8f562a80a651] Register server push request handler:com.alibaba.nacos.common.remote.client.RpcClient$ConnectResetRequestHandler
19:31:25:304  INFO 5808 --- [com.alibaba.nacos.client.remote.worker] com.alibaba.nacos.common.remote.client   : [92c44761-1001-495e-a042-8f562a80a651] Notify connected event to listeners.
19:31:25:305  INFO 5808 --- [main] com.alibaba.nacos.common.remote.client   : [92c44761-1001-495e-a042-8f562a80a651] Register server push request handler:com.alibaba.nacos.common.remote.client.RpcClient$$Lambda/0x0000013c1f4ab780
19:31:25:410  INFO 5808 --- [main] i.s.c.r.netty.NettyClientChannelManager  : will connect to 192.168.163.130:8099
19:31:25:423  INFO 5808 --- [main] i.s.core.rpc.netty.NettyPoolableFactory  : NettyPool create channel to transactionRole:TMROLE,address:192.168.163.130:8099,msg:< RegisterTMRequest{applicationId='trade-service', transactionServiceGroup='hmall'} >
19:31:25:651  WARN 5808 --- [NettyClientSelector_TMROLE_1_1] ServiceLoader$InnerEnhancedServiceLoader : Load [io.seata.serializer.hessian.HessianSerializer] class fail. com/caucho/hessian/io/AbstractHessianOutput
19:31:25:755  INFO 5808 --- [main] i.s.c.rpc.netty.TmNettyRemotingClient    : register TM success. client version:1.5.2, server version:1.5.2,channel:[id: 0x099b8434, L:/192.168.163.133:58407 - R:/192.168.163.130:8099]
19:31:25:766  INFO 5808 --- [main] i.s.core.rpc.netty.NettyPoolableFactory  : register success, cost 175 ms, version:1.5.2,role:TMROLE,channel:[id: 0x099b8434, L:/192.168.163.133:58407 - R:/192.168.163.130:8099]
19:31:25:767  INFO 5808 --- [main] i.s.s.a.GlobalTransactionScanner         : Transaction Manager Client is initialized. applicationId[trade-service] txServiceGroup[hmall]
19:31:25:782  INFO 5808 --- [main] io.seata.rm.datasource.AsyncWorker       : Async Commit Buffer Limit: 10000
19:31:25:783  INFO 5808 --- [main] i.s.rm.datasource.xa.ResourceManagerXA   : ResourceManagerXA init ...
19:31:25:795  INFO 5808 --- [main] i.s.core.rpc.netty.NettyClientBootstrap  : NettyClientBootstrap has started
19:31:25:795  INFO 5808 --- [main] i.s.s.a.GlobalTransactionScanner         : Resource Manager is initialized. applicationId[trade-service] txServiceGroup[hmall]
19:31:25:796  INFO 5808 --- [main] i.s.s.a.GlobalTransactionScanner         : Global Transaction Clients are initialized. 
19:31:25:799  INFO 5808 --- [main] trationDelegate$BeanPostProcessorChecker : Bean 'io.seata.spring.boot.autoconfigure.SeataDataSourceAutoConfiguration' of type [io.seata.spring.boot.autoconfigure.SeataDataSourceAutoConfiguration] is not eligible for getting processed by all BeanPostProcessors (for example: not eligible for auto-proxying)
19:31:25:842  INFO 5808 --- [nacos-grpc-client-executor-5] com.alibaba.nacos.common.remote.client   : [92c44761-1001-495e-a042-8f562a80a651] Receive server push request, request = NotifySubscriberRequest, requestId = 200
19:31:25:848  INFO 5808 --- [nacos-grpc-client-executor-5] com.alibaba.nacos.common.remote.client   : [92c44761-1001-495e-a042-8f562a80a651] Ack server push request, request = NotifySubscriberRequest, requestId = 200
19:31:26:337  INFO 5808 --- [main] trationDelegate$BeanPostProcessorChecker : Bean 'com.alibaba.cloud.seata.feign.SeataFeignClientAutoConfiguration$FeignBeanPostProcessorConfiguration' of type [com.alibaba.cloud.seata.feign.SeataFeignClientAutoConfiguration$FeignBeanPostProcessorConfiguration] is not eligible for getting processed by all BeanPostProcessors (for example: not eligible for auto-proxying)
19:31:26:344  INFO 5808 --- [main] trationDelegate$BeanPostProcessorChecker : Bean 'seataFeignObjectWrapper' of type [com.alibaba.cloud.seata.feign.SeataFeignObjectWrapper] is not eligible for getting processed by all BeanPostProcessors (for example: not eligible for auto-proxying)
19:31:26:919  INFO 5808 --- [main] o.s.b.w.embedded.tomcat.TomcatWebServer  : Tomcat initialized with port(s): 8085 (http)
19:31:26:948  INFO 5808 --- [main] o.apache.catalina.core.StandardService   : Starting service [Tomcat]
19:31:26:949  INFO 5808 --- [main] org.apache.catalina.core.StandardEngine  : Starting Servlet engine: [Apache Tomcat/9.0.75]
19:31:27:170  INFO 5808 --- [main] o.a.c.c.C.[Tomcat].[localhost].[/]       : Initializing Spring embedded WebApplicationContext
19:31:27:171  INFO 5808 --- [main] w.s.c.ServletWebServerApplicationContext : Root WebApplicationContext: initialization completed in 5055 ms
19:31:27:555  INFO 5808 --- [main] o.s.c.openfeign.FeignClientFactoryBean   : For 'item-service' URL not provided. Will try picking an instance via load-balancing.
19:31:28:094  INFO 5808 --- [main] com.zaxxer.hikari.HikariDataSource       : HikariPool-1 - Starting...
19:31:28:690  INFO 5808 --- [main] com.zaxxer.hikari.HikariDataSource       : HikariPool-1 - Start completed.
19:31:28:712  INFO 5808 --- [main] i.s.c.r.netty.NettyClientChannelManager  : will connect to 192.168.163.130:8099
19:31:28:712  INFO 5808 --- [main] i.s.c.rpc.netty.RmNettyRemotingClient    : RM will register :jdbc:mysql://192.168.163.130:3306/hm-trade
19:31:28:713  INFO 5808 --- [main] i.s.core.rpc.netty.NettyPoolableFactory  : NettyPool create channel to transactionRole:RMROLE,address:192.168.163.130:8099,msg:< RegisterRMRequest{resourceIds='jdbc:mysql://192.168.163.130:3306/hm-trade', applicationId='trade-service', transactionServiceGroup='hmall'} >
19:31:28:723  INFO 5808 --- [main] i.s.c.rpc.netty.RmNettyRemotingClient    : register RM success. client version:1.5.2, server version:1.5.2,channel:[id: 0x429ca4a8, L:/192.168.163.133:58424 - R:/192.168.163.130:8099]
19:31:28:723  INFO 5808 --- [main] i.s.core.rpc.netty.NettyPoolableFactory  : register success, cost 7 ms, version:1.5.2,role:RMROLE,channel:[id: 0x429ca4a8, L:/192.168.163.133:58424 - R:/192.168.163.130:8099]
19:31:29:095  INFO 5808 --- [main] o.s.c.openfeign.FeignClientFactoryBean   : For 'cart-service' URL not provided. Will try picking an instance via load-balancing.
19:31:29:193  INFO 5808 --- [main] i.s.s.a.GlobalTransactionScanner         : Bean[com.hmall.trade.service.impl.OrderServiceImpl$$EnhancerBySpringCGLIB$$47fc6426] with name [orderServiceImpl] would use interceptor [io.seata.spring.annotation.GlobalTransactionalInterceptor]
19:31:29:487  INFO 5808 --- [main] c.a.c.sentinel.SentinelWebMvcConfigurer  : [Sentinel Starter] register SentinelWebInterceptor with urlPatterns: [/**].
19:31:29:939  INFO 5808 --- [main] pertySourcedRequestMappingHandlerMapping : Mapped URL path [/v2/api-docs] onto method [springfox.documentation.swagger2.web.Swagger2ControllerWebMvc#getDocumentation(String, HttpServletRequest)]
19:31:30:136  INFO 5808 --- [main] com.alibaba.nacos.common.remote.client   : [RpcClientFactory] create a new rpc client of 2158cd69-c54b-4e53-b07c-6f5f04da2fc3
19:31:30:136  INFO 5808 --- [main] com.alibaba.nacos.common.remote.client   : [2158cd69-c54b-4e53-b07c-6f5f04da2fc3] RpcClient init label, labels = {module=naming, source=sdk}
19:31:30:137  INFO 5808 --- [main] com.alibaba.nacos.common.remote.client   : [2158cd69-c54b-4e53-b07c-6f5f04da2fc3] RpcClient init, ServerListFactory = com.alibaba.nacos.client.naming.core.ServerListManager
19:31:30:137  INFO 5808 --- [main] com.alibaba.nacos.common.remote.client   : [2158cd69-c54b-4e53-b07c-6f5f04da2fc3] Registry connection listener to current client:com.alibaba.nacos.client.naming.remote.gprc.redo.NamingGrpcRedoService
19:31:30:137  INFO 5808 --- [main] com.alibaba.nacos.common.remote.client   : [2158cd69-c54b-4e53-b07c-6f5f04da2fc3] Register server push request handler:com.alibaba.nacos.client.naming.remote.gprc.NamingPushRequestHandler
19:31:30:138  INFO 5808 --- [main] com.alibaba.nacos.common.remote.client   : [2158cd69-c54b-4e53-b07c-6f5f04da2fc3] Try to connect to server on start up, server: {serverIp = '192.168.163.130', server main port = 8848}
19:31:30:259  INFO 5808 --- [main] com.alibaba.nacos.common.remote.client   : [2158cd69-c54b-4e53-b07c-6f5f04da2fc3] Success to connect to server [192.168.163.130:8848] on start up, connectionId = 1735212690308_192.168.163.133_58434
19:31:30:259  INFO 5808 --- [main] com.alibaba.nacos.common.remote.client   : [2158cd69-c54b-4e53-b07c-6f5f04da2fc3] Register server push request handler:com.alibaba.nacos.common.remote.client.RpcClient$ConnectResetRequestHandler
19:31:30:259  INFO 5808 --- [com.alibaba.nacos.client.remote.worker] com.alibaba.nacos.common.remote.client   : [2158cd69-c54b-4e53-b07c-6f5f04da2fc3] Notify connected event to listeners.
19:31:30:259  INFO 5808 --- [main] com.alibaba.nacos.common.remote.client   : [2158cd69-c54b-4e53-b07c-6f5f04da2fc3] Register server push request handler:com.alibaba.nacos.common.remote.client.RpcClient$$Lambda/0x0000013c1f4ab780
19:31:30:285  INFO 5808 --- [main] o.s.b.w.embedded.tomcat.TomcatWebServer  : Tomcat started on port(s): 8085 (http) with context path ''
19:31:30:298  INFO 5808 --- [main] c.a.c.n.registry.NacosServiceRegistry    : nacos registry, DEFAULT_GROUP trade-service 10.244.21.17:8085 register finished
19:31:30:308  INFO 5808 --- [main] d.s.w.p.DocumentationPluginsBootstrapper : Documentation plugins bootstrapped
19:31:30:317  INFO 5808 --- [main] d.s.w.p.DocumentationPluginsBootstrapper : Found 1 custom documentation plugin(s)
19:31:30:354  INFO 5808 --- [main] s.d.s.w.s.ApiListingReferenceScanner     : Scanning for api listing references
19:31:30:494  INFO 5808 --- [main] com.hmall.trade.TradeApplication         : Started TradeApplication in 14.299 seconds (JVM running for 15.516)
19:31:30:504  INFO 5808 --- [main] c.a.c.n.refresh.NacosContextRefresher    : [Nacos Config] Listening config: dataId=trade-service, group=DEFAULT_GROUP
19:31:30:505  INFO 5808 --- [main] c.a.c.n.refresh.NacosContextRefresher    : [Nacos Config] Listening config: dataId=trade-service-local.yaml, group=DEFAULT_GROUP
19:31:30:507  INFO 5808 --- [main] c.a.c.n.refresh.NacosContextRefresher    : [Nacos Config] Listening config: dataId=trade-service.yaml, group=DEFAULT_GROUP
19:31:30:856  INFO 5808 --- [nacos-grpc-client-executor-6] com.alibaba.nacos.common.remote.client   : [2158cd69-c54b-4e53-b07c-6f5f04da2fc3] Receive server push request, request = NotifySubscriberRequest, requestId = 202
19:31:30:859  INFO 5808 --- [nacos-grpc-client-executor-6] com.alibaba.nacos.common.remote.client   : [2158cd69-c54b-4e53-b07c-6f5f04da2fc3] Ack server push request, request = NotifySubscriberRequest, requestId = 202
19:33:54:074  INFO 5808 --- [http-nio-8085-exec-1] o.a.c.c.C.[Tomcat].[localhost].[/]       : Initializing Spring DispatcherServlet 'dispatcherServlet'
19:33:54:076  INFO 5808 --- [http-nio-8085-exec-1] o.s.web.servlet.DispatcherServlet        : Initializing Servlet 'dispatcherServlet'
19:33:54:080  INFO 5808 --- [http-nio-8085-exec-1] o.s.web.servlet.DispatcherServlet        : Completed initialization in 3 ms
19:33:54:440 DEBUG 5808 --- [http-nio-8085-exec-1] c.h.trade.mapper.OrderMapper.selectById  : ==>  Preparing: SELECT id,total_fee,payment_type,user_id,status,create_time,pay_time,consign_time,end_time,close_time,comment_time,update_time FROM `order` WHERE id=?
19:33:54:487 DEBUG 5808 --- [http-nio-8085-exec-1] c.h.trade.mapper.OrderMapper.selectById  : ==> Parameters: 1871933296552800257(Long)
19:33:54:550 DEBUG 5808 --- [http-nio-8085-exec-1] c.h.trade.mapper.OrderMapper.selectById  : <==      Total: 1
19:34:48:743  INFO 5808 --- [http-nio-8085-exec-2] io.seata.tm.TransactionManagerHolder     : TransactionManager Singleton io.seata.tm.DefaultTransactionManager@4c5faed
19:34:48:813  INFO 5808 --- [http-nio-8085-exec-2] i.seata.tm.api.DefaultGlobalTransaction  : Begin new global transaction [192.168.163.130:8099:36629696881897473]
19:34:48:905 DEBUG 5808 --- [http-nio-8085-exec-2] com.hmall.api.client.ItemClient          : [ItemClient#queryItemsByIds] ---> GET http://item-service/items?ids=100001511821 HTTP/1.1
19:34:48:905 DEBUG 5808 --- [http-nio-8085-exec-2] com.hmall.api.client.ItemClient          : [ItemClient#queryItemsByIds] user-info: 1
19:34:48:906 DEBUG 5808 --- [http-nio-8085-exec-2] com.hmall.api.client.ItemClient          : [ItemClient#queryItemsByIds] ---> END HTTP (0-byte body)
19:34:49:112 DEBUG 5808 --- [http-nio-8085-exec-2] com.hmall.api.client.ItemClient          : [ItemClient#queryItemsByIds] <--- HTTP/1.1 200  (206ms)
19:34:49:113 DEBUG 5808 --- [http-nio-8085-exec-2] com.hmall.api.client.ItemClient          : [ItemClient#queryItemsByIds] connection: keep-alive
19:34:49:113 DEBUG 5808 --- [http-nio-8085-exec-2] com.hmall.api.client.ItemClient          : [ItemClient#queryItemsByIds] content-type: application/json
19:34:49:114 DEBUG 5808 --- [http-nio-8085-exec-2] com.hmall.api.client.ItemClient          : [ItemClient#queryItemsByIds] date: Thu, 26 Dec 2024 11:34:49 GMT
19:34:49:114 DEBUG 5808 --- [http-nio-8085-exec-2] com.hmall.api.client.ItemClient          : [ItemClient#queryItemsByIds] keep-alive: timeout=60
19:34:49:114 DEBUG 5808 --- [http-nio-8085-exec-2] com.hmall.api.client.ItemClient          : [ItemClient#queryItemsByIds] transfer-encoding: chunked
19:34:49:115 DEBUG 5808 --- [http-nio-8085-exec-2] com.hmall.api.client.ItemClient          : [ItemClient#queryItemsByIds] 
19:34:49:116 DEBUG 5808 --- [http-nio-8085-exec-2] com.hmall.api.client.ItemClient          : [ItemClient#queryItemsByIds] [{"id":"100001511821","name":"HMDIME 牛仔背带裤女2018秋冬新品 韩版学院风潮流百搭弹力修身补丁学生吊带长裤女 AXNZ369 深蓝 30","price":13700,"stock":0,"image":"https://m.360buyimg.com/mobilecms/s720x720_jfs/t30892/263/313055374/557791/c98e9abc/5bef811aN036f7c3b.jpg!q70.jpg.webp","category":"牛仔裤","brand":"HMDIME","spec":"{\"颜色\": \"蓝色\", \"尺码\": \"30\"}","sold":0,"commentCount":0,"isAD":false,"status":1}]
19:34:49:116 DEBUG 5808 --- [http-nio-8085-exec-2] com.hmall.api.client.ItemClient          : [ItemClient#queryItemsByIds] <--- END HTTP (456-byte body)
19:34:49:145 DEBUG 5808 --- [http-nio-8085-exec-2] c.hmall.trade.mapper.OrderMapper.insert  : ==>  Preparing: INSERT INTO `order` ( id, total_fee, payment_type, user_id, status ) VALUES ( ?, ?, ?, ?, ? )
19:34:49:150 DEBUG 5808 --- [http-nio-8085-exec-2] c.hmall.trade.mapper.OrderMapper.insert  : ==> Parameters: 1872244672248786945(Long), 13700(Integer), 3(Integer), 1(Long), 1(Integer)
19:34:49:153 DEBUG 5808 --- [http-nio-8085-exec-2] c.hmall.trade.mapper.OrderMapper.insert  : <==    Updates: 1
19:34:49:164 DEBUG 5808 --- [http-nio-8085-exec-2] c.h.t.mapper.OrderDetailMapper.insert    : ==>  Preparing: INSERT INTO order_detail ( order_id, item_id, num, name, spec, price, image ) VALUES ( ?, ?, ?, ?, ?, ?, ? )
19:34:49:167 DEBUG 5808 --- [http-nio-8085-exec-2] c.h.t.mapper.OrderDetailMapper.insert    : ==> Parameters: 1872244672248786945(Long), 100001511821(Long), 1(Integer), HMDIME 牛仔背带裤女2018秋冬新品 韩版学院风潮流百搭弹力修身补丁学生吊带长裤女 AXNZ369 深蓝 30(String), {"颜色": "蓝色", "尺码": "30"}(String), 13700(Integer), https://m.360buyimg.com/mobilecms/s720x720_jfs/t30892/263/313055374/557791/c98e9abc/5bef811aN036f7c3b.jpg!q70.jpg.webp(String)
19:34:49:175 DEBUG 5808 --- [http-nio-8085-exec-2] com.hmall.api.client.CartClient          : [CartClient#deleteCartItemByIds] ---> DELETE http://cart-service/carts?ids=100001511821 HTTP/1.1
19:34:49:176 DEBUG 5808 --- [http-nio-8085-exec-2] com.hmall.api.client.CartClient          : [CartClient#deleteCartItemByIds] user-info: 1
19:34:49:176 DEBUG 5808 --- [http-nio-8085-exec-2] com.hmall.api.client.CartClient          : [CartClient#deleteCartItemByIds] ---> END HTTP (0-byte body)
19:34:49:254 DEBUG 5808 --- [http-nio-8085-exec-2] com.hmall.api.client.CartClient          : [CartClient#deleteCartItemByIds] <--- HTTP/1.1 200  (77ms)
19:34:49:254 DEBUG 5808 --- [http-nio-8085-exec-2] com.hmall.api.client.CartClient          : [CartClient#deleteCartItemByIds] connection: keep-alive
19:34:49:254 DEBUG 5808 --- [http-nio-8085-exec-2] com.hmall.api.client.CartClient          : [CartClient#deleteCartItemByIds] content-length: 0
19:34:49:255 DEBUG 5808 --- [http-nio-8085-exec-2] com.hmall.api.client.CartClient          : [CartClient#deleteCartItemByIds] date: Thu, 26 Dec 2024 11:34:49 GMT
19:34:49:255 DEBUG 5808 --- [http-nio-8085-exec-2] com.hmall.api.client.CartClient          : [CartClient#deleteCartItemByIds] keep-alive: timeout=60
19:34:49:255 DEBUG 5808 --- [http-nio-8085-exec-2] com.hmall.api.client.CartClient          : [CartClient#deleteCartItemByIds] <--- END HTTP (0-byte body)
19:34:49:260 DEBUG 5808 --- [http-nio-8085-exec-2] com.hmall.api.client.ItemClient          : [ItemClient#deductStock] ---> PUT http://item-service/items/stock/deduct HTTP/1.1
19:34:49:261 DEBUG 5808 --- [http-nio-8085-exec-2] com.hmall.api.client.ItemClient          : [ItemClient#deductStock] Content-Length: 35
19:34:49:261 DEBUG 5808 --- [http-nio-8085-exec-2] com.hmall.api.client.ItemClient          : [ItemClient#deductStock] Content-Type: application/json
19:34:49:261 DEBUG 5808 --- [http-nio-8085-exec-2] com.hmall.api.client.ItemClient          : [ItemClient#deductStock] user-info: 1
19:34:49:262 DEBUG 5808 --- [http-nio-8085-exec-2] com.hmall.api.client.ItemClient          : [ItemClient#deductStock] 
19:34:49:262 DEBUG 5808 --- [http-nio-8085-exec-2] com.hmall.api.client.ItemClient          : [ItemClient#deductStock] [{"itemId":"100001511821","num":1}]
19:34:49:262 DEBUG 5808 --- [http-nio-8085-exec-2] com.hmall.api.client.ItemClient          : [ItemClient#deductStock] ---> END HTTP (35-byte body)
19:34:49:450 DEBUG 5808 --- [http-nio-8085-exec-2] com.hmall.api.client.ItemClient          : [ItemClient#deductStock] <--- HTTP/1.1 500  (187ms)
19:34:49:450 DEBUG 5808 --- [http-nio-8085-exec-2] com.hmall.api.client.ItemClient          : [ItemClient#deductStock] connection: close
19:34:49:450 DEBUG 5808 --- [http-nio-8085-exec-2] com.hmall.api.client.ItemClient          : [ItemClient#deductStock] content-type: application/json
19:34:49:451 DEBUG 5808 --- [http-nio-8085-exec-2] com.hmall.api.client.ItemClient          : [ItemClient#deductStock] date: Thu, 26 Dec 2024 11:34:49 GMT
19:34:49:451 DEBUG 5808 --- [http-nio-8085-exec-2] com.hmall.api.client.ItemClient          : [ItemClient#deductStock] transfer-encoding: chunked
19:34:49:451 DEBUG 5808 --- [http-nio-8085-exec-2] com.hmall.api.client.ItemClient          : [ItemClient#deductStock] 
19:34:49:452 DEBUG 5808 --- [http-nio-8085-exec-2] com.hmall.api.client.ItemClient          : [ItemClient#deductStock] {"timestamp":"2024-12-26T11:34:49.445+00:00","status":500,"error":"Internal Server Error","path":"/items/stock/deduct"}
19:34:49:452 DEBUG 5808 --- [http-nio-8085-exec-2] com.hmall.api.client.ItemClient          : [ItemClient#deductStock] <--- END HTTP (119-byte body)
19:34:49:463 ERROR 5808 --- [http-nio-8085-exec-2] c.h.a.c.f.ItemClientFallBackFactory      : 减少商品库存失败！！

feign.FeignException$InternalServerError: [500 ] during [PUT] to [http://item-service/items/stock/deduct] [ItemClient#deductStock(List)]: [{"timestamp":"2024-12-26T11:34:49.445+00:00","status":500,"error":"Internal Server Error","path":"/items/stock/deduct"}]
	at feign.FeignException.serverErrorStatus(FeignException.java:250) ~[feign-core-11.8.jar:na]
	at feign.FeignException.errorStatus(FeignException.java:197) ~[feign-core-11.8.jar:na]
	at feign.FeignException.errorStatus(FeignException.java:185) ~[feign-core-11.8.jar:na]
	at feign.codec.ErrorDecoder$Default.decode(ErrorDecoder.java:92) ~[feign-core-11.8.jar:na]
	at feign.AsyncResponseHandler.handleResponse(AsyncResponseHandler.java:96) ~[feign-core-11.8.jar:na]
	at feign.SynchronousMethodHandler.executeAndDecode(SynchronousMethodHandler.java:138) ~[feign-core-11.8.jar:na]
	at feign.SynchronousMethodHandler.invoke(SynchronousMethodHandler.java:89) ~[feign-core-11.8.jar:na]
	at com.alibaba.cloud.sentinel.feign.SentinelInvocationHandler.invoke(SentinelInvocationHandler.java:109) ~[spring-cloud-starter-alibaba-sentinel-2021.0.4.0.jar:2021.0.4.0]
	at jdk.proxy2/jdk.proxy2.$Proxy131.deductStock(Unknown Source) ~[na:na]
	at com.hmall.trade.service.impl.OrderServiceImpl.createOrder(OrderServiceImpl.java:84) ~[classes/:na]
	at com.hmall.trade.service.impl.OrderServiceImpl$$FastClassBySpringCGLIB$$863dd453.invoke(<generated>) ~[classes/:na]
	at org.springframework.cglib.proxy.MethodProxy.invoke(MethodProxy.java:218) ~[spring-core-5.3.27.jar:5.3.27]
	at org.springframework.aop.framework.CglibAopProxy$CglibMethodInvocation.invokeJoinpoint(CglibAopProxy.java:793) ~[spring-aop-5.3.27.jar:5.3.27]
	at org.springframework.aop.framework.ReflectiveMethodInvocation.proceed(ReflectiveMethodInvocation.java:163) ~[spring-aop-5.3.27.jar:5.3.27]
	at org.springframework.aop.framework.CglibAopProxy$CglibMethodInvocation.proceed(CglibAopProxy.java:763) ~[spring-aop-5.3.27.jar:5.3.27]
	at org.springframework.transaction.interceptor.TransactionInterceptor$1.proceedWithInvocation(TransactionInterceptor.java:123) ~[spring-tx-5.3.27.jar:5.3.27]
	at org.springframework.transaction.interceptor.TransactionAspectSupport.invokeWithinTransaction(TransactionAspectSupport.java:388) ~[spring-tx-5.3.27.jar:5.3.27]
	at org.springframework.transaction.interceptor.TransactionInterceptor.invoke(TransactionInterceptor.java:119) ~[spring-tx-5.3.27.jar:5.3.27]
	at org.springframework.aop.framework.ReflectiveMethodInvocation.proceed(ReflectiveMethodInvocation.java:186) ~[spring-aop-5.3.27.jar:5.3.27]
	at org.springframework.aop.framework.CglibAopProxy$CglibMethodInvocation.proceed(CglibAopProxy.java:763) ~[spring-aop-5.3.27.jar:5.3.27]
	at io.seata.spring.annotation.GlobalTransactionalInterceptor$2.execute(GlobalTransactionalInterceptor.java:205) ~[seata-all-1.5.2.jar:1.5.2]
	at io.seata.tm.api.TransactionalTemplate.execute(TransactionalTemplate.java:127) ~[seata-all-1.5.2.jar:1.5.2]
	at io.seata.spring.annotation.GlobalTransactionalInterceptor.handleGlobalTransaction(GlobalTransactionalInterceptor.java:202) ~[seata-all-1.5.2.jar:1.5.2]
	at io.seata.spring.annotation.GlobalTransactionalInterceptor.invoke(GlobalTransactionalInterceptor.java:172) ~[seata-all-1.5.2.jar:1.5.2]
	at org.springframework.aop.framework.ReflectiveMethodInvocation.proceed(ReflectiveMethodInvocation.java:186) ~[spring-aop-5.3.27.jar:5.3.27]
	at org.springframework.aop.framework.CglibAopProxy$CglibMethodInvocation.proceed(CglibAopProxy.java:763) ~[spring-aop-5.3.27.jar:5.3.27]
	at org.springframework.aop.framework.CglibAopProxy$DynamicAdvisedInterceptor.intercept(CglibAopProxy.java:708) ~[spring-aop-5.3.27.jar:5.3.27]
	at com.hmall.trade.service.impl.OrderServiceImpl$$EnhancerBySpringCGLIB$$47fc6426.createOrder(<generated>) ~[classes/:na]
	at com.hmall.trade.controller.OrderController.createOrder(OrderController.java:31) ~[classes/:na]
	at java.base/jdk.internal.reflect.DirectMethodHandleAccessor.invoke(DirectMethodHandleAccessor.java:103) ~[na:na]
	at java.base/java.lang.reflect.Method.invoke(Method.java:580) ~[na:na]
	at org.springframework.web.method.support.InvocableHandlerMethod.doInvoke(InvocableHandlerMethod.java:205) ~[spring-web-5.3.27.jar:5.3.27]
	at org.springframework.web.method.support.InvocableHandlerMethod.invokeForRequest(InvocableHandlerMethod.java:150) ~[spring-web-5.3.27.jar:5.3.27]
	at org.springframework.web.servlet.mvc.method.annotation.ServletInvocableHandlerMethod.invokeAndHandle(ServletInvocableHandlerMethod.java:117) ~[spring-webmvc-5.3.27.jar:5.3.27]
	at org.springframework.web.servlet.mvc.method.annotation.RequestMappingHandlerAdapter.invokeHandlerMethod(RequestMappingHandlerAdapter.java:895) ~[spring-webmvc-5.3.27.jar:5.3.27]
	at org.springframework.web.servlet.mvc.method.annotation.RequestMappingHandlerAdapter.handleInternal(RequestMappingHandlerAdapter.java:808) ~[spring-webmvc-5.3.27.jar:5.3.27]
	at org.springframework.web.servlet.mvc.method.AbstractHandlerMethodAdapter.handle(AbstractHandlerMethodAdapter.java:87) ~[spring-webmvc-5.3.27.jar:5.3.27]
	at org.springframework.web.servlet.DispatcherServlet.doDispatch(DispatcherServlet.java:1072) ~[spring-webmvc-5.3.27.jar:5.3.27]
	at org.springframework.web.servlet.DispatcherServlet.doService(DispatcherServlet.java:965) ~[spring-webmvc-5.3.27.jar:5.3.27]
	at org.springframework.web.servlet.FrameworkServlet.processRequest(FrameworkServlet.java:1006) ~[spring-webmvc-5.3.27.jar:5.3.27]
	at org.springframework.web.servlet.FrameworkServlet.doPost(FrameworkServlet.java:909) ~[spring-webmvc-5.3.27.jar:5.3.27]
	at javax.servlet.http.HttpServlet.service(HttpServlet.java:555) ~[tomcat-embed-core-9.0.75.jar:4.0.FR]
	at org.springframework.web.servlet.FrameworkServlet.service(FrameworkServlet.java:883) ~[spring-webmvc-5.3.27.jar:5.3.27]
	at javax.servlet.http.HttpServlet.service(HttpServlet.java:623) ~[tomcat-embed-core-9.0.75.jar:4.0.FR]
	at org.apache.catalina.core.ApplicationFilterChain.internalDoFilter(ApplicationFilterChain.java:209) ~[tomcat-embed-core-9.0.75.jar:9.0.75]
	at org.apache.catalina.core.ApplicationFilterChain.doFilter(ApplicationFilterChain.java:153) ~[tomcat-embed-core-9.0.75.jar:9.0.75]
	at org.apache.tomcat.websocket.server.WsFilter.doFilter(WsFilter.java:51) ~[tomcat-embed-websocket-9.0.75.jar:9.0.75]
	at org.apache.catalina.core.ApplicationFilterChain.internalDoFilter(ApplicationFilterChain.java:178) ~[tomcat-embed-core-9.0.75.jar:9.0.75]
	at org.apache.catalina.core.ApplicationFilterChain.doFilter(ApplicationFilterChain.java:153) ~[tomcat-embed-core-9.0.75.jar:9.0.75]
	at org.springframework.web.filter.RequestContextFilter.doFilterInternal(RequestContextFilter.java:100) ~[spring-web-5.3.27.jar:5.3.27]
	at org.springframework.web.filter.OncePerRequestFilter.doFilter(OncePerRequestFilter.java:117) ~[spring-web-5.3.27.jar:5.3.27]
	at org.apache.catalina.core.ApplicationFilterChain.internalDoFilter(ApplicationFilterChain.java:178) ~[tomcat-embed-core-9.0.75.jar:9.0.75]
	at org.apache.catalina.core.ApplicationFilterChain.doFilter(ApplicationFilterChain.java:153) ~[tomcat-embed-core-9.0.75.jar:9.0.75]
	at org.springframework.web.filter.FormContentFilter.doFilterInternal(FormContentFilter.java:93) ~[spring-web-5.3.27.jar:5.3.27]
	at org.springframework.web.filter.OncePerRequestFilter.doFilter(OncePerRequestFilter.java:117) ~[spring-web-5.3.27.jar:5.3.27]
	at org.apache.catalina.core.ApplicationFilterChain.internalDoFilter(ApplicationFilterChain.java:178) ~[tomcat-embed-core-9.0.75.jar:9.0.75]
	at org.apache.catalina.core.ApplicationFilterChain.doFilter(ApplicationFilterChain.java:153) ~[tomcat-embed-core-9.0.75.jar:9.0.75]
	at org.springframework.web.filter.CharacterEncodingFilter.doFilterInternal(CharacterEncodingFilter.java:201) ~[spring-web-5.3.27.jar:5.3.27]
	at org.springframework.web.filter.OncePerRequestFilter.doFilter(OncePerRequestFilter.java:117) ~[spring-web-5.3.27.jar:5.3.27]
	at org.apache.catalina.core.ApplicationFilterChain.internalDoFilter(ApplicationFilterChain.java:178) ~[tomcat-embed-core-9.0.75.jar:9.0.75]
	at org.apache.catalina.core.ApplicationFilterChain.doFilter(ApplicationFilterChain.java:153) ~[tomcat-embed-core-9.0.75.jar:9.0.75]
	at org.apache.catalina.core.StandardWrapperValve.invoke(StandardWrapperValve.java:167) ~[tomcat-embed-core-9.0.75.jar:9.0.75]
	at org.apache.catalina.core.StandardContextValve.invoke(StandardContextValve.java:90) ~[tomcat-embed-core-9.0.75.jar:9.0.75]
	at org.apache.catalina.authenticator.AuthenticatorBase.invoke(AuthenticatorBase.java:481) ~[tomcat-embed-core-9.0.75.jar:9.0.75]
	at org.apache.catalina.core.StandardHostValve.invoke(StandardHostValve.java:130) ~[tomcat-embed-core-9.0.75.jar:9.0.75]
	at org.apache.catalina.valves.ErrorReportValve.invoke(ErrorReportValve.java:93) ~[tomcat-embed-core-9.0.75.jar:9.0.75]
	at org.apache.catalina.core.StandardEngineValve.invoke(StandardEngineValve.java:74) ~[tomcat-embed-core-9.0.75.jar:9.0.75]
	at org.apache.catalina.connector.CoyoteAdapter.service(CoyoteAdapter.java:343) ~[tomcat-embed-core-9.0.75.jar:9.0.75]
	at org.apache.coyote.http11.Http11Processor.service(Http11Processor.java:390) ~[tomcat-embed-core-9.0.75.jar:9.0.75]
	at org.apache.coyote.AbstractProcessorLight.process(AbstractProcessorLight.java:63) ~[tomcat-embed-core-9.0.75.jar:9.0.75]
	at org.apache.coyote.AbstractProtocol$ConnectionHandler.process(AbstractProtocol.java:926) ~[tomcat-embed-core-9.0.75.jar:9.0.75]
	at org.apache.tomcat.util.net.NioEndpoint$SocketProcessor.doRun(NioEndpoint.java:1791) ~[tomcat-embed-core-9.0.75.jar:9.0.75]
	at org.apache.tomcat.util.net.SocketProcessorBase.run(SocketProcessorBase.java:52) ~[tomcat-embed-core-9.0.75.jar:9.0.75]
	at org.apache.tomcat.util.threads.ThreadPoolExecutor.runWorker(ThreadPoolExecutor.java:1191) ~[tomcat-embed-core-9.0.75.jar:9.0.75]
	at org.apache.tomcat.util.threads.ThreadPoolExecutor$Worker.run(ThreadPoolExecutor.java:659) ~[tomcat-embed-core-9.0.75.jar:9.0.75]
	at org.apache.tomcat.util.threads.TaskThread$WrappingRunnable.run(TaskThread.java:61) ~[tomcat-embed-core-9.0.75.jar:9.0.75]
	at java.base/java.lang.Thread.run(Thread.java:1575) ~[na:na]

19:34:49:536  INFO 5808 --- [rpcDispatch_RMROLE_1_1_24] i.s.c.r.p.c.RmBranchCommitProcessor      : rm client handle branch commit process:xid=192.168.163.130:8099:36629696881897473,branchId=36629696881897475,branchType=XA,resourceId=jdbc:mysql://192.168.163.130:3306/hm-trade,applicationData=null
19:34:49:538  INFO 5808 --- [rpcDispatch_RMROLE_1_1_24] io.seata.rm.AbstractRMHandler            : Branch committing: 192.168.163.130:8099:36629696881897473 36629696881897475 jdbc:mysql://192.168.163.130:3306/hm-trade null
19:34:49:543  INFO 5808 --- [rpcDispatch_RMROLE_1_1_24] i.s.rm.datasource.xa.ResourceManagerXA   : 192.168.163.130:8099:36629696881897473-36629696881897475 was committed.
19:34:49:544  INFO 5808 --- [rpcDispatch_RMROLE_1_1_24] io.seata.rm.AbstractRMHandler            : Branch commit result: PhaseTwo_Committed
19:34:49:593  INFO 5808 --- [http-nio-8085-exec-2] i.seata.tm.api.DefaultGlobalTransaction  : Suspending current transaction, xid = 192.168.163.130:8099:36629696881897473
19:34:49:594  INFO 5808 --- [http-nio-8085-exec-2] i.seata.tm.api.DefaultGlobalTransaction  : [192.168.163.130:8099:36629696881897473] commit status: Committed
19:34:49:598  INFO 5808 --- [nacos-grpc-client-executor-54] com.alibaba.nacos.common.remote.client   : [2158cd69-c54b-4e53-b07c-6f5f04da2fc3] Receive server push request, request = NotifySubscriberRequest, requestId = 209
19:34:49:600  INFO 5808 --- [nacos-grpc-client-executor-54] com.alibaba.nacos.common.remote.client   : [2158cd69-c54b-4e53-b07c-6f5f04da2fc3] Ack server push request, request = NotifySubscriberRequest, requestId = 209
19:34:49:705  INFO 5808 --- [nacos-grpc-client-executor-55] com.alibaba.nacos.common.remote.client   : [2158cd69-c54b-4e53-b07c-6f5f04da2fc3] Receive server push request, request = NotifySubscriberRequest, requestId = 210
19:34:49:707  INFO 5808 --- [nacos-grpc-client-executor-55] com.alibaba.nacos.common.remote.client   : [2158cd69-c54b-4e53-b07c-6f5f04da2fc3] Ack server push request, request = NotifySubscriberRequest, requestId = 210
19:34:49:820 DEBUG 5808 --- [http-nio-8085-exec-3] c.h.trade.mapper.OrderMapper.selectById  : ==>  Preparing: SELECT id,total_fee,payment_type,user_id,status,create_time,pay_time,consign_time,end_time,close_time,comment_time,update_time FROM `order` WHERE id=?
19:34:49:823 DEBUG 5808 --- [http-nio-8085-exec-3] c.h.trade.mapper.OrderMapper.selectById  : ==> Parameters: 1872244672248786945(Long)
19:34:49:827 DEBUG 5808 --- [http-nio-8085-exec-3] c.h.trade.mapper.OrderMapper.selectById  : <==      Total: 1
19:48:01:031  INFO 5808 --- [http-nio-8085-exec-5] i.seata.tm.api.DefaultGlobalTransaction  : Begin new global transaction [192.168.163.130:8099:36629696881897485]
19:48:01:041 DEBUG 5808 --- [http-nio-8085-exec-5] com.hmall.api.client.ItemClient          : [ItemClient#queryItemsByIds] ---> GET http://item-service/items?ids=100001511821 HTTP/1.1
19:48:01:042 DEBUG 5808 --- [http-nio-8085-exec-5] com.hmall.api.client.ItemClient          : [ItemClient#queryItemsByIds] user-info: 1
19:48:01:042 DEBUG 5808 --- [http-nio-8085-exec-5] com.hmall.api.client.ItemClient          : [ItemClient#queryItemsByIds] ---> END HTTP (0-byte body)
19:48:01:061 DEBUG 5808 --- [http-nio-8085-exec-5] com.hmall.api.client.ItemClient          : [ItemClient#queryItemsByIds] <--- HTTP/1.1 200  (18ms)
19:48:01:061 DEBUG 5808 --- [http-nio-8085-exec-5] com.hmall.api.client.ItemClient          : [ItemClient#queryItemsByIds] connection: keep-alive
19:48:01:061 DEBUG 5808 --- [http-nio-8085-exec-5] com.hmall.api.client.ItemClient          : [ItemClient#queryItemsByIds] content-type: application/json
19:48:01:062 DEBUG 5808 --- [http-nio-8085-exec-5] com.hmall.api.client.ItemClient          : [ItemClient#queryItemsByIds] date: Thu, 26 Dec 2024 11:48:01 GMT
19:48:01:062 DEBUG 5808 --- [http-nio-8085-exec-5] com.hmall.api.client.ItemClient          : [ItemClient#queryItemsByIds] keep-alive: timeout=60
19:48:01:062 DEBUG 5808 --- [http-nio-8085-exec-5] com.hmall.api.client.ItemClient          : [ItemClient#queryItemsByIds] transfer-encoding: chunked
19:48:01:063 DEBUG 5808 --- [http-nio-8085-exec-5] com.hmall.api.client.ItemClient          : [ItemClient#queryItemsByIds] 
19:48:01:063 DEBUG 5808 --- [http-nio-8085-exec-5] com.hmall.api.client.ItemClient          : [ItemClient#queryItemsByIds] [{"id":"100001511821","name":"HMDIME 牛仔背带裤女2018秋冬新品 韩版学院风潮流百搭弹力修身补丁学生吊带长裤女 AXNZ369 深蓝 30","price":13700,"stock":0,"image":"https://m.360buyimg.com/mobilecms/s720x720_jfs/t30892/263/313055374/557791/c98e9abc/5bef811aN036f7c3b.jpg!q70.jpg.webp","category":"牛仔裤","brand":"HMDIME","spec":"{\"颜色\": \"蓝色\", \"尺码\": \"30\"}","sold":0,"commentCount":0,"isAD":false,"status":1}]
19:48:01:064 DEBUG 5808 --- [http-nio-8085-exec-5] com.hmall.api.client.ItemClient          : [ItemClient#queryItemsByIds] <--- END HTTP (456-byte body)
19:48:01:065 DEBUG 5808 --- [http-nio-8085-exec-5] c.hmall.trade.mapper.OrderMapper.insert  : ==>  Preparing: INSERT INTO `order` ( id, total_fee, payment_type, user_id, status ) VALUES ( ?, ?, ?, ?, ? )
19:48:01:066 DEBUG 5808 --- [http-nio-8085-exec-5] c.hmall.trade.mapper.OrderMapper.insert  : ==> Parameters: 1872247993802010626(Long), 13700(Integer), 3(Integer), 1(Long), 1(Integer)
19:48:01:067 DEBUG 5808 --- [http-nio-8085-exec-5] c.hmall.trade.mapper.OrderMapper.insert  : <==    Updates: 1
19:48:01:068 DEBUG 5808 --- [http-nio-8085-exec-5] c.h.t.mapper.OrderDetailMapper.insert    : ==>  Preparing: INSERT INTO order_detail ( order_id, item_id, num, name, spec, price, image ) VALUES ( ?, ?, ?, ?, ?, ?, ? )
19:48:01:069 DEBUG 5808 --- [http-nio-8085-exec-5] c.h.t.mapper.OrderDetailMapper.insert    : ==> Parameters: 1872247993802010626(Long), 100001511821(Long), 1(Integer), HMDIME 牛仔背带裤女2018秋冬新品 韩版学院风潮流百搭弹力修身补丁学生吊带长裤女 AXNZ369 深蓝 30(String), {"颜色": "蓝色", "尺码": "30"}(String), 13700(Integer), https://m.360buyimg.com/mobilecms/s720x720_jfs/t30892/263/313055374/557791/c98e9abc/5bef811aN036f7c3b.jpg!q70.jpg.webp(String)
19:48:01:071 DEBUG 5808 --- [http-nio-8085-exec-5] com.hmall.api.client.CartClient          : [CartClient#deleteCartItemByIds] ---> DELETE http://cart-service/carts?ids=100001511821 HTTP/1.1
19:48:01:071 DEBUG 5808 --- [http-nio-8085-exec-5] com.hmall.api.client.CartClient          : [CartClient#deleteCartItemByIds] user-info: 1
19:48:01:071 DEBUG 5808 --- [http-nio-8085-exec-5] com.hmall.api.client.CartClient          : [CartClient#deleteCartItemByIds] ---> END HTTP (0-byte body)
19:48:01:088 DEBUG 5808 --- [http-nio-8085-exec-5] com.hmall.api.client.CartClient          : [CartClient#deleteCartItemByIds] <--- HTTP/1.1 200  (16ms)
19:48:01:088 DEBUG 5808 --- [http-nio-8085-exec-5] com.hmall.api.client.CartClient          : [CartClient#deleteCartItemByIds] connection: keep-alive
19:48:01:088 DEBUG 5808 --- [http-nio-8085-exec-5] com.hmall.api.client.CartClient          : [CartClient#deleteCartItemByIds] content-length: 0
19:48:01:088 DEBUG 5808 --- [http-nio-8085-exec-5] com.hmall.api.client.CartClient          : [CartClient#deleteCartItemByIds] date: Thu, 26 Dec 2024 11:48:01 GMT
19:48:01:089 DEBUG 5808 --- [http-nio-8085-exec-5] com.hmall.api.client.CartClient          : [CartClient#deleteCartItemByIds] keep-alive: timeout=60
19:48:01:089 DEBUG 5808 --- [http-nio-8085-exec-5] com.hmall.api.client.CartClient          : [CartClient#deleteCartItemByIds] <--- END HTTP (0-byte body)
19:48:01:089 DEBUG 5808 --- [http-nio-8085-exec-5] com.hmall.api.client.ItemClient          : [ItemClient#deductStock] ---> PUT http://item-service/items/stock/deduct HTTP/1.1
19:48:01:089 DEBUG 5808 --- [http-nio-8085-exec-5] com.hmall.api.client.ItemClient          : [ItemClient#deductStock] Content-Length: 35
19:48:01:089 DEBUG 5808 --- [http-nio-8085-exec-5] com.hmall.api.client.ItemClient          : [ItemClient#deductStock] Content-Type: application/json
19:48:01:089 DEBUG 5808 --- [http-nio-8085-exec-5] com.hmall.api.client.ItemClient          : [ItemClient#deductStock] user-info: 1
19:48:01:089 DEBUG 5808 --- [http-nio-8085-exec-5] com.hmall.api.client.ItemClient          : [ItemClient#deductStock] 
19:48:01:089 DEBUG 5808 --- [http-nio-8085-exec-5] com.hmall.api.client.ItemClient          : [ItemClient#deductStock] [{"itemId":"100001511821","num":1}]
19:48:01:089 DEBUG 5808 --- [http-nio-8085-exec-5] com.hmall.api.client.ItemClient          : [ItemClient#deductStock] ---> END HTTP (35-byte body)
19:48:01:120 DEBUG 5808 --- [http-nio-8085-exec-5] com.hmall.api.client.ItemClient          : [ItemClient#deductStock] <--- HTTP/1.1 500  (30ms)
19:48:01:121 DEBUG 5808 --- [http-nio-8085-exec-5] com.hmall.api.client.ItemClient          : [ItemClient#deductStock] connection: close
19:48:01:121 DEBUG 5808 --- [http-nio-8085-exec-5] com.hmall.api.client.ItemClient          : [ItemClient#deductStock] content-type: application/json
19:48:01:122 DEBUG 5808 --- [http-nio-8085-exec-5] com.hmall.api.client.ItemClient          : [ItemClient#deductStock] date: Thu, 26 Dec 2024 11:48:01 GMT
19:48:01:122 DEBUG 5808 --- [http-nio-8085-exec-5] com.hmall.api.client.ItemClient          : [ItemClient#deductStock] transfer-encoding: chunked
19:48:01:122 DEBUG 5808 --- [http-nio-8085-exec-5] com.hmall.api.client.ItemClient          : [ItemClient#deductStock] 
19:48:01:123 DEBUG 5808 --- [http-nio-8085-exec-5] com.hmall.api.client.ItemClient          : [ItemClient#deductStock] {"timestamp":"2024-12-26T11:48:01.120+00:00","status":500,"error":"Internal Server Error","path":"/items/stock/deduct"}
19:48:01:124 DEBUG 5808 --- [http-nio-8085-exec-5] com.hmall.api.client.ItemClient          : [ItemClient#deductStock] <--- END HTTP (119-byte body)
19:48:01:125 ERROR 5808 --- [http-nio-8085-exec-5] c.h.a.c.f.ItemClientFallBackFactory      : 减少商品库存失败！！

feign.FeignException$InternalServerError: [500 ] during [PUT] to [http://item-service/items/stock/deduct] [ItemClient#deductStock(List)]: [{"timestamp":"2024-12-26T11:48:01.120+00:00","status":500,"error":"Internal Server Error","path":"/items/stock/deduct"}]
	at feign.FeignException.serverErrorStatus(FeignException.java:250) ~[feign-core-11.8.jar:na]
	at feign.FeignException.errorStatus(FeignException.java:197) ~[feign-core-11.8.jar:na]
	at feign.FeignException.errorStatus(FeignException.java:185) ~[feign-core-11.8.jar:na]
	at feign.codec.ErrorDecoder$Default.decode(ErrorDecoder.java:92) ~[feign-core-11.8.jar:na]
	at feign.AsyncResponseHandler.handleResponse(AsyncResponseHandler.java:96) ~[feign-core-11.8.jar:na]
	at feign.SynchronousMethodHandler.executeAndDecode(SynchronousMethodHandler.java:138) ~[feign-core-11.8.jar:na]
	at feign.SynchronousMethodHandler.invoke(SynchronousMethodHandler.java:89) ~[feign-core-11.8.jar:na]
	at com.alibaba.cloud.sentinel.feign.SentinelInvocationHandler.invoke(SentinelInvocationHandler.java:109) ~[spring-cloud-starter-alibaba-sentinel-2021.0.4.0.jar:2021.0.4.0]
	at jdk.proxy2/jdk.proxy2.$Proxy131.deductStock(Unknown Source) ~[na:na]
	at com.hmall.trade.service.impl.OrderServiceImpl.createOrder(OrderServiceImpl.java:84) ~[classes/:na]
	at com.hmall.trade.service.impl.OrderServiceImpl$$FastClassBySpringCGLIB$$863dd453.invoke(<generated>) ~[classes/:na]
	at org.springframework.cglib.proxy.MethodProxy.invoke(MethodProxy.java:218) ~[spring-core-5.3.27.jar:5.3.27]
	at org.springframework.aop.framework.CglibAopProxy$CglibMethodInvocation.invokeJoinpoint(CglibAopProxy.java:793) ~[spring-aop-5.3.27.jar:5.3.27]
	at org.springframework.aop.framework.ReflectiveMethodInvocation.proceed(ReflectiveMethodInvocation.java:163) ~[spring-aop-5.3.27.jar:5.3.27]
	at org.springframework.aop.framework.CglibAopProxy$CglibMethodInvocation.proceed(CglibAopProxy.java:763) ~[spring-aop-5.3.27.jar:5.3.27]
	at org.springframework.transaction.interceptor.TransactionInterceptor$1.proceedWithInvocation(TransactionInterceptor.java:123) ~[spring-tx-5.3.27.jar:5.3.27]
	at org.springframework.transaction.interceptor.TransactionAspectSupport.invokeWithinTransaction(TransactionAspectSupport.java:388) ~[spring-tx-5.3.27.jar:5.3.27]
	at org.springframework.transaction.interceptor.TransactionInterceptor.invoke(TransactionInterceptor.java:119) ~[spring-tx-5.3.27.jar:5.3.27]
	at org.springframework.aop.framework.ReflectiveMethodInvocation.proceed(ReflectiveMethodInvocation.java:186) ~[spring-aop-5.3.27.jar:5.3.27]
	at org.springframework.aop.framework.CglibAopProxy$CglibMethodInvocation.proceed(CglibAopProxy.java:763) ~[spring-aop-5.3.27.jar:5.3.27]
	at io.seata.spring.annotation.GlobalTransactionalInterceptor$2.execute(GlobalTransactionalInterceptor.java:205) ~[seata-all-1.5.2.jar:1.5.2]
	at io.seata.tm.api.TransactionalTemplate.execute(TransactionalTemplate.java:127) ~[seata-all-1.5.2.jar:1.5.2]
	at io.seata.spring.annotation.GlobalTransactionalInterceptor.handleGlobalTransaction(GlobalTransactionalInterceptor.java:202) ~[seata-all-1.5.2.jar:1.5.2]
	at io.seata.spring.annotation.GlobalTransactionalInterceptor.invoke(GlobalTransactionalInterceptor.java:172) ~[seata-all-1.5.2.jar:1.5.2]
	at org.springframework.aop.framework.ReflectiveMethodInvocation.proceed(ReflectiveMethodInvocation.java:186) ~[spring-aop-5.3.27.jar:5.3.27]
	at org.springframework.aop.framework.CglibAopProxy$CglibMethodInvocation.proceed(CglibAopProxy.java:763) ~[spring-aop-5.3.27.jar:5.3.27]
	at org.springframework.aop.framework.CglibAopProxy$DynamicAdvisedInterceptor.intercept(CglibAopProxy.java:708) ~[spring-aop-5.3.27.jar:5.3.27]
	at com.hmall.trade.service.impl.OrderServiceImpl$$EnhancerBySpringCGLIB$$47fc6426.createOrder(<generated>) ~[classes/:na]
	at com.hmall.trade.controller.OrderController.createOrder(OrderController.java:31) ~[classes/:na]
	at java.base/jdk.internal.reflect.DirectMethodHandleAccessor.invoke(DirectMethodHandleAccessor.java:103) ~[na:na]
	at java.base/java.lang.reflect.Method.invoke(Method.java:580) ~[na:na]
	at org.springframework.web.method.support.InvocableHandlerMethod.doInvoke(InvocableHandlerMethod.java:205) ~[spring-web-5.3.27.jar:5.3.27]
	at org.springframework.web.method.support.InvocableHandlerMethod.invokeForRequest(InvocableHandlerMethod.java:150) ~[spring-web-5.3.27.jar:5.3.27]
	at org.springframework.web.servlet.mvc.method.annotation.ServletInvocableHandlerMethod.invokeAndHandle(ServletInvocableHandlerMethod.java:117) ~[spring-webmvc-5.3.27.jar:5.3.27]
	at org.springframework.web.servlet.mvc.method.annotation.RequestMappingHandlerAdapter.invokeHandlerMethod(RequestMappingHandlerAdapter.java:895) ~[spring-webmvc-5.3.27.jar:5.3.27]
	at org.springframework.web.servlet.mvc.method.annotation.RequestMappingHandlerAdapter.handleInternal(RequestMappingHandlerAdapter.java:808) ~[spring-webmvc-5.3.27.jar:5.3.27]
	at org.springframework.web.servlet.mvc.method.AbstractHandlerMethodAdapter.handle(AbstractHandlerMethodAdapter.java:87) ~[spring-webmvc-5.3.27.jar:5.3.27]
	at org.springframework.web.servlet.DispatcherServlet.doDispatch(DispatcherServlet.java:1072) ~[spring-webmvc-5.3.27.jar:5.3.27]
	at org.springframework.web.servlet.DispatcherServlet.doService(DispatcherServlet.java:965) ~[spring-webmvc-5.3.27.jar:5.3.27]
	at org.springframework.web.servlet.FrameworkServlet.processRequest(FrameworkServlet.java:1006) ~[spring-webmvc-5.3.27.jar:5.3.27]
	at org.springframework.web.servlet.FrameworkServlet.doPost(FrameworkServlet.java:909) ~[spring-webmvc-5.3.27.jar:5.3.27]
	at javax.servlet.http.HttpServlet.service(HttpServlet.java:555) ~[tomcat-embed-core-9.0.75.jar:4.0.FR]
	at org.springframework.web.servlet.FrameworkServlet.service(FrameworkServlet.java:883) ~[spring-webmvc-5.3.27.jar:5.3.27]
	at javax.servlet.http.HttpServlet.service(HttpServlet.java:623) ~[tomcat-embed-core-9.0.75.jar:4.0.FR]
	at org.apache.catalina.core.ApplicationFilterChain.internalDoFilter(ApplicationFilterChain.java:209) ~[tomcat-embed-core-9.0.75.jar:9.0.75]
	at org.apache.catalina.core.ApplicationFilterChain.doFilter(ApplicationFilterChain.java:153) ~[tomcat-embed-core-9.0.75.jar:9.0.75]
	at org.apache.tomcat.websocket.server.WsFilter.doFilter(WsFilter.java:51) ~[tomcat-embed-websocket-9.0.75.jar:9.0.75]
	at org.apache.catalina.core.ApplicationFilterChain.internalDoFilter(ApplicationFilterChain.java:178) ~[tomcat-embed-core-9.0.75.jar:9.0.75]
	at org.apache.catalina.core.ApplicationFilterChain.doFilter(ApplicationFilterChain.java:153) ~[tomcat-embed-core-9.0.75.jar:9.0.75]
	at org.springframework.web.filter.RequestContextFilter.doFilterInternal(RequestContextFilter.java:100) ~[spring-web-5.3.27.jar:5.3.27]
	at org.springframework.web.filter.OncePerRequestFilter.doFilter(OncePerRequestFilter.java:117) ~[spring-web-5.3.27.jar:5.3.27]
	at org.apache.catalina.core.ApplicationFilterChain.internalDoFilter(ApplicationFilterChain.java:178) ~[tomcat-embed-core-9.0.75.jar:9.0.75]
	at org.apache.catalina.core.ApplicationFilterChain.doFilter(ApplicationFilterChain.java:153) ~[tomcat-embed-core-9.0.75.jar:9.0.75]
	at org.springframework.web.filter.FormContentFilter.doFilterInternal(FormContentFilter.java:93) ~[spring-web-5.3.27.jar:5.3.27]
	at org.springframework.web.filter.OncePerRequestFilter.doFilter(OncePerRequestFilter.java:117) ~[spring-web-5.3.27.jar:5.3.27]
	at org.apache.catalina.core.ApplicationFilterChain.internalDoFilter(ApplicationFilterChain.java:178) ~[tomcat-embed-core-9.0.75.jar:9.0.75]
	at org.apache.catalina.core.ApplicationFilterChain.doFilter(ApplicationFilterChain.java:153) ~[tomcat-embed-core-9.0.75.jar:9.0.75]
	at org.springframework.web.filter.CharacterEncodingFilter.doFilterInternal(CharacterEncodingFilter.java:201) ~[spring-web-5.3.27.jar:5.3.27]
	at org.springframework.web.filter.OncePerRequestFilter.doFilter(OncePerRequestFilter.java:117) ~[spring-web-5.3.27.jar:5.3.27]
	at org.apache.catalina.core.ApplicationFilterChain.internalDoFilter(ApplicationFilterChain.java:178) ~[tomcat-embed-core-9.0.75.jar:9.0.75]
	at org.apache.catalina.core.ApplicationFilterChain.doFilter(ApplicationFilterChain.java:153) ~[tomcat-embed-core-9.0.75.jar:9.0.75]
	at org.apache.catalina.core.StandardWrapperValve.invoke(StandardWrapperValve.java:167) ~[tomcat-embed-core-9.0.75.jar:9.0.75]
	at org.apache.catalina.core.StandardContextValve.invoke(StandardContextValve.java:90) ~[tomcat-embed-core-9.0.75.jar:9.0.75]
	at org.apache.catalina.authenticator.AuthenticatorBase.invoke(AuthenticatorBase.java:481) ~[tomcat-embed-core-9.0.75.jar:9.0.75]
	at org.apache.catalina.core.StandardHostValve.invoke(StandardHostValve.java:130) ~[tomcat-embed-core-9.0.75.jar:9.0.75]
	at org.apache.catalina.valves.ErrorReportValve.invoke(ErrorReportValve.java:93) ~[tomcat-embed-core-9.0.75.jar:9.0.75]
	at org.apache.catalina.core.StandardEngineValve.invoke(StandardEngineValve.java:74) ~[tomcat-embed-core-9.0.75.jar:9.0.75]
	at org.apache.catalina.connector.CoyoteAdapter.service(CoyoteAdapter.java:343) ~[tomcat-embed-core-9.0.75.jar:9.0.75]
	at org.apache.coyote.http11.Http11Processor.service(Http11Processor.java:390) ~[tomcat-embed-core-9.0.75.jar:9.0.75]
	at org.apache.coyote.AbstractProcessorLight.process(AbstractProcessorLight.java:63) ~[tomcat-embed-core-9.0.75.jar:9.0.75]
	at org.apache.coyote.AbstractProtocol$ConnectionHandler.process(AbstractProtocol.java:926) ~[tomcat-embed-core-9.0.75.jar:9.0.75]
	at org.apache.tomcat.util.net.NioEndpoint$SocketProcessor.doRun(NioEndpoint.java:1791) ~[tomcat-embed-core-9.0.75.jar:9.0.75]
	at org.apache.tomcat.util.net.SocketProcessorBase.run(SocketProcessorBase.java:52) ~[tomcat-embed-core-9.0.75.jar:9.0.75]
	at org.apache.tomcat.util.threads.ThreadPoolExecutor.runWorker(ThreadPoolExecutor.java:1191) ~[tomcat-embed-core-9.0.75.jar:9.0.75]
	at org.apache.tomcat.util.threads.ThreadPoolExecutor$Worker.run(ThreadPoolExecutor.java:659) ~[tomcat-embed-core-9.0.75.jar:9.0.75]
	at org.apache.tomcat.util.threads.TaskThread$WrappingRunnable.run(TaskThread.java:61) ~[tomcat-embed-core-9.0.75.jar:9.0.75]
	at java.base/java.lang.Thread.run(Thread.java:1575) ~[na:na]

19:48:01:146  INFO 5808 --- [rpcDispatch_RMROLE_1_2_24] i.s.c.r.p.c.RmBranchCommitProcessor      : rm client handle branch commit process:xid=192.168.163.130:8099:36629696881897485,branchId=36629696881897487,branchType=XA,resourceId=jdbc:mysql://192.168.163.130:3306/hm-trade,applicationData=null
19:48:01:146  INFO 5808 --- [rpcDispatch_RMROLE_1_2_24] io.seata.rm.AbstractRMHandler            : Branch committing: 192.168.163.130:8099:36629696881897485 36629696881897487 jdbc:mysql://192.168.163.130:3306/hm-trade null
19:48:01:148  INFO 5808 --- [rpcDispatch_RMROLE_1_2_24] i.s.rm.datasource.xa.ResourceManagerXA   : 192.168.163.130:8099:36629696881897485-36629696881897487 was committed.
19:48:01:148  INFO 5808 --- [rpcDispatch_RMROLE_1_2_24] io.seata.rm.AbstractRMHandler            : Branch commit result: PhaseTwo_Committed
19:48:01:170  INFO 5808 --- [http-nio-8085-exec-5] i.seata.tm.api.DefaultGlobalTransaction  : Suspending current transaction, xid = 192.168.163.130:8099:36629696881897485
19:48:01:171  INFO 5808 --- [http-nio-8085-exec-5] i.seata.tm.api.DefaultGlobalTransaction  : [192.168.163.130:8099:36629696881897485] commit status: Committed
19:48:01:313 DEBUG 5808 --- [http-nio-8085-exec-6] c.h.trade.mapper.OrderMapper.selectById  : ==>  Preparing: SELECT id,total_fee,payment_type,user_id,status,create_time,pay_time,consign_time,end_time,close_time,comment_time,update_time FROM `order` WHERE id=?
19:48:01:314 DEBUG 5808 --- [http-nio-8085-exec-6] c.h.trade.mapper.OrderMapper.selectById  : ==> Parameters: 1872247993802010626(Long)
19:48:01:318 DEBUG 5808 --- [http-nio-8085-exec-6] c.h.trade.mapper.OrderMapper.selectById  : <==      Total: 1
19:53:45:764  INFO 5808 --- [http-nio-8085-exec-8] i.seata.tm.api.DefaultGlobalTransaction  : Begin new global transaction [192.168.163.130:8099:36629696881897497]
19:53:45:774 DEBUG 5808 --- [http-nio-8085-exec-8] com.hmall.api.client.ItemClient          : [ItemClient#queryItemsByIds] ---> GET http://item-service/items?ids=100001511821 HTTP/1.1
19:53:45:774 DEBUG 5808 --- [http-nio-8085-exec-8] com.hmall.api.client.ItemClient          : [ItemClient#queryItemsByIds] user-info: 1
19:53:45:774 DEBUG 5808 --- [http-nio-8085-exec-8] com.hmall.api.client.ItemClient          : [ItemClient#queryItemsByIds] ---> END HTTP (0-byte body)
19:53:45:793 DEBUG 5808 --- [http-nio-8085-exec-8] com.hmall.api.client.ItemClient          : [ItemClient#queryItemsByIds] <--- HTTP/1.1 200  (18ms)
19:53:45:793 DEBUG 5808 --- [http-nio-8085-exec-8] com.hmall.api.client.ItemClient          : [ItemClient#queryItemsByIds] connection: keep-alive
19:53:45:794 DEBUG 5808 --- [http-nio-8085-exec-8] com.hmall.api.client.ItemClient          : [ItemClient#queryItemsByIds] content-type: application/json
19:53:45:794 DEBUG 5808 --- [http-nio-8085-exec-8] com.hmall.api.client.ItemClient          : [ItemClient#queryItemsByIds] date: Thu, 26 Dec 2024 11:53:45 GMT
19:53:45:794 DEBUG 5808 --- [http-nio-8085-exec-8] com.hmall.api.client.ItemClient          : [ItemClient#queryItemsByIds] keep-alive: timeout=60
19:53:45:794 DEBUG 5808 --- [http-nio-8085-exec-8] com.hmall.api.client.ItemClient          : [ItemClient#queryItemsByIds] transfer-encoding: chunked
19:53:45:795 DEBUG 5808 --- [http-nio-8085-exec-8] com.hmall.api.client.ItemClient          : [ItemClient#queryItemsByIds] 
19:53:45:795 DEBUG 5808 --- [http-nio-8085-exec-8] com.hmall.api.client.ItemClient          : [ItemClient#queryItemsByIds] [{"id":"100001511821","name":"HMDIME 牛仔背带裤女2018秋冬新品 韩版学院风潮流百搭弹力修身补丁学生吊带长裤女 AXNZ369 深蓝 30","price":13700,"stock":0,"image":"https://m.360buyimg.com/mobilecms/s720x720_jfs/t30892/263/313055374/557791/c98e9abc/5bef811aN036f7c3b.jpg!q70.jpg.webp","category":"牛仔裤","brand":"HMDIME","spec":"{\"颜色\": \"蓝色\", \"尺码\": \"30\"}","sold":0,"commentCount":0,"isAD":false,"status":1}]
19:53:45:795 DEBUG 5808 --- [http-nio-8085-exec-8] com.hmall.api.client.ItemClient          : [ItemClient#queryItemsByIds] <--- END HTTP (456-byte body)
19:53:45:797 DEBUG 5808 --- [http-nio-8085-exec-8] c.hmall.trade.mapper.OrderMapper.insert  : ==>  Preparing: INSERT INTO `order` ( id, total_fee, payment_type, user_id, status ) VALUES ( ?, ?, ?, ?, ? )
19:53:45:798 DEBUG 5808 --- [http-nio-8085-exec-8] c.hmall.trade.mapper.OrderMapper.insert  : ==> Parameters: 1872249439712817154(Long), 13700(Integer), 3(Integer), 1(Long), 1(Integer)
19:53:45:800 DEBUG 5808 --- [http-nio-8085-exec-8] c.hmall.trade.mapper.OrderMapper.insert  : <==    Updates: 1
19:53:45:801 DEBUG 5808 --- [http-nio-8085-exec-8] c.h.t.mapper.OrderDetailMapper.insert    : ==>  Preparing: INSERT INTO order_detail ( order_id, item_id, num, name, spec, price, image ) VALUES ( ?, ?, ?, ?, ?, ?, ? )
19:53:45:802 DEBUG 5808 --- [http-nio-8085-exec-8] c.h.t.mapper.OrderDetailMapper.insert    : ==> Parameters: 1872249439712817154(Long), 100001511821(Long), 1(Integer), HMDIME 牛仔背带裤女2018秋冬新品 韩版学院风潮流百搭弹力修身补丁学生吊带长裤女 AXNZ369 深蓝 30(String), {"颜色": "蓝色", "尺码": "30"}(String), 13700(Integer), https://m.360buyimg.com/mobilecms/s720x720_jfs/t30892/263/313055374/557791/c98e9abc/5bef811aN036f7c3b.jpg!q70.jpg.webp(String)
19:53:45:804 DEBUG 5808 --- [http-nio-8085-exec-8] com.hmall.api.client.CartClient          : [CartClient#deleteCartItemByIds] ---> DELETE http://cart-service/carts?ids=100001511821 HTTP/1.1
19:53:45:805 DEBUG 5808 --- [http-nio-8085-exec-8] com.hmall.api.client.CartClient          : [CartClient#deleteCartItemByIds] user-info: 1
19:53:45:805 DEBUG 5808 --- [http-nio-8085-exec-8] com.hmall.api.client.CartClient          : [CartClient#deleteCartItemByIds] ---> END HTTP (0-byte body)
19:53:45:822 DEBUG 5808 --- [http-nio-8085-exec-8] com.hmall.api.client.CartClient          : [CartClient#deleteCartItemByIds] <--- HTTP/1.1 200  (16ms)
19:53:45:822 DEBUG 5808 --- [http-nio-8085-exec-8] com.hmall.api.client.CartClient          : [CartClient#deleteCartItemByIds] connection: keep-alive
19:53:45:823 DEBUG 5808 --- [http-nio-8085-exec-8] com.hmall.api.client.CartClient          : [CartClient#deleteCartItemByIds] content-length: 0
19:53:45:823 DEBUG 5808 --- [http-nio-8085-exec-8] com.hmall.api.client.CartClient          : [CartClient#deleteCartItemByIds] date: Thu, 26 Dec 2024 11:53:45 GMT
19:53:45:823 DEBUG 5808 --- [http-nio-8085-exec-8] com.hmall.api.client.CartClient          : [CartClient#deleteCartItemByIds] keep-alive: timeout=60
19:53:45:823 DEBUG 5808 --- [http-nio-8085-exec-8] com.hmall.api.client.CartClient          : [CartClient#deleteCartItemByIds] <--- END HTTP (0-byte body)
19:53:45:824 DEBUG 5808 --- [http-nio-8085-exec-8] com.hmall.api.client.ItemClient          : [ItemClient#deductStock] ---> PUT http://item-service/items/stock/deduct HTTP/1.1
19:53:45:824 DEBUG 5808 --- [http-nio-8085-exec-8] com.hmall.api.client.ItemClient          : [ItemClient#deductStock] Content-Length: 35
19:53:45:825 DEBUG 5808 --- [http-nio-8085-exec-8] com.hmall.api.client.ItemClient          : [ItemClient#deductStock] Content-Type: application/json
19:53:45:825 DEBUG 5808 --- [http-nio-8085-exec-8] com.hmall.api.client.ItemClient          : [ItemClient#deductStock] user-info: 1
19:53:45:825 DEBUG 5808 --- [http-nio-8085-exec-8] com.hmall.api.client.ItemClient          : [ItemClient#deductStock] 
19:53:45:825 DEBUG 5808 --- [http-nio-8085-exec-8] com.hmall.api.client.ItemClient          : [ItemClient#deductStock] [{"itemId":"100001511821","num":1}]
19:53:45:825 DEBUG 5808 --- [http-nio-8085-exec-8] com.hmall.api.client.ItemClient          : [ItemClient#deductStock] ---> END HTTP (35-byte body)
19:53:45:866 DEBUG 5808 --- [http-nio-8085-exec-8] com.hmall.api.client.ItemClient          : [ItemClient#deductStock] <--- HTTP/1.1 500  (40ms)
19:53:45:867 DEBUG 5808 --- [http-nio-8085-exec-8] com.hmall.api.client.ItemClient          : [ItemClient#deductStock] connection: close
19:53:45:868 DEBUG 5808 --- [http-nio-8085-exec-8] com.hmall.api.client.ItemClient          : [ItemClient#deductStock] content-type: application/json
19:53:45:868 DEBUG 5808 --- [http-nio-8085-exec-8] com.hmall.api.client.ItemClient          : [ItemClient#deductStock] date: Thu, 26 Dec 2024 11:53:45 GMT
19:53:45:869 DEBUG 5808 --- [http-nio-8085-exec-8] com.hmall.api.client.ItemClient          : [ItemClient#deductStock] transfer-encoding: chunked
19:53:45:869 DEBUG 5808 --- [http-nio-8085-exec-8] com.hmall.api.client.ItemClient          : [ItemClient#deductStock] 
19:53:45:871 DEBUG 5808 --- [http-nio-8085-exec-8] com.hmall.api.client.ItemClient          : [ItemClient#deductStock] {"timestamp":"2024-12-26T11:53:45.865+00:00","status":500,"error":"Internal Server Error","path":"/items/stock/deduct"}
19:53:45:871 DEBUG 5808 --- [http-nio-8085-exec-8] com.hmall.api.client.ItemClient          : [ItemClient#deductStock] <--- END HTTP (119-byte body)
19:53:45:873 ERROR 5808 --- [http-nio-8085-exec-8] c.h.a.c.f.ItemClientFallBackFactory      : 减少商品库存失败！！

feign.FeignException$InternalServerError: [500 ] during [PUT] to [http://item-service/items/stock/deduct] [ItemClient#deductStock(List)]: [{"timestamp":"2024-12-26T11:53:45.865+00:00","status":500,"error":"Internal Server Error","path":"/items/stock/deduct"}]
	at feign.FeignException.serverErrorStatus(FeignException.java:250) ~[feign-core-11.8.jar:na]
	at feign.FeignException.errorStatus(FeignException.java:197) ~[feign-core-11.8.jar:na]
	at feign.FeignException.errorStatus(FeignException.java:185) ~[feign-core-11.8.jar:na]
	at feign.codec.ErrorDecoder$Default.decode(ErrorDecoder.java:92) ~[feign-core-11.8.jar:na]
	at feign.AsyncResponseHandler.handleResponse(AsyncResponseHandler.java:96) ~[feign-core-11.8.jar:na]
	at feign.SynchronousMethodHandler.executeAndDecode(SynchronousMethodHandler.java:138) ~[feign-core-11.8.jar:na]
	at feign.SynchronousMethodHandler.invoke(SynchronousMethodHandler.java:89) ~[feign-core-11.8.jar:na]
	at com.alibaba.cloud.sentinel.feign.SentinelInvocationHandler.invoke(SentinelInvocationHandler.java:109) ~[spring-cloud-starter-alibaba-sentinel-2021.0.4.0.jar:2021.0.4.0]
	at jdk.proxy2/jdk.proxy2.$Proxy131.deductStock(Unknown Source) ~[na:na]
	at com.hmall.trade.service.impl.OrderServiceImpl.createOrder(OrderServiceImpl.java:84) ~[classes/:na]
	at com.hmall.trade.service.impl.OrderServiceImpl$$FastClassBySpringCGLIB$$863dd453.invoke(<generated>) ~[classes/:na]
	at org.springframework.cglib.proxy.MethodProxy.invoke(MethodProxy.java:218) ~[spring-core-5.3.27.jar:5.3.27]
	at org.springframework.aop.framework.CglibAopProxy$CglibMethodInvocation.invokeJoinpoint(CglibAopProxy.java:793) ~[spring-aop-5.3.27.jar:5.3.27]
	at org.springframework.aop.framework.ReflectiveMethodInvocation.proceed(ReflectiveMethodInvocation.java:163) ~[spring-aop-5.3.27.jar:5.3.27]
	at org.springframework.aop.framework.CglibAopProxy$CglibMethodInvocation.proceed(CglibAopProxy.java:763) ~[spring-aop-5.3.27.jar:5.3.27]
	at org.springframework.transaction.interceptor.TransactionInterceptor$1.proceedWithInvocation(TransactionInterceptor.java:123) ~[spring-tx-5.3.27.jar:5.3.27]
	at org.springframework.transaction.interceptor.TransactionAspectSupport.invokeWithinTransaction(TransactionAspectSupport.java:388) ~[spring-tx-5.3.27.jar:5.3.27]
	at org.springframework.transaction.interceptor.TransactionInterceptor.invoke(TransactionInterceptor.java:119) ~[spring-tx-5.3.27.jar:5.3.27]
	at org.springframework.aop.framework.ReflectiveMethodInvocation.proceed(ReflectiveMethodInvocation.java:186) ~[spring-aop-5.3.27.jar:5.3.27]
	at org.springframework.aop.framework.CglibAopProxy$CglibMethodInvocation.proceed(CglibAopProxy.java:763) ~[spring-aop-5.3.27.jar:5.3.27]
	at io.seata.spring.annotation.GlobalTransactionalInterceptor$2.execute(GlobalTransactionalInterceptor.java:205) ~[seata-all-1.5.2.jar:1.5.2]
	at io.seata.tm.api.TransactionalTemplate.execute(TransactionalTemplate.java:127) ~[seata-all-1.5.2.jar:1.5.2]
	at io.seata.spring.annotation.GlobalTransactionalInterceptor.handleGlobalTransaction(GlobalTransactionalInterceptor.java:202) ~[seata-all-1.5.2.jar:1.5.2]
	at io.seata.spring.annotation.GlobalTransactionalInterceptor.invoke(GlobalTransactionalInterceptor.java:172) ~[seata-all-1.5.2.jar:1.5.2]
	at org.springframework.aop.framework.ReflectiveMethodInvocation.proceed(ReflectiveMethodInvocation.java:186) ~[spring-aop-5.3.27.jar:5.3.27]
	at org.springframework.aop.framework.CglibAopProxy$CglibMethodInvocation.proceed(CglibAopProxy.java:763) ~[spring-aop-5.3.27.jar:5.3.27]
	at org.springframework.aop.framework.CglibAopProxy$DynamicAdvisedInterceptor.intercept(CglibAopProxy.java:708) ~[spring-aop-5.3.27.jar:5.3.27]
	at com.hmall.trade.service.impl.OrderServiceImpl$$EnhancerBySpringCGLIB$$47fc6426.createOrder(<generated>) ~[classes/:na]
	at com.hmall.trade.controller.OrderController.createOrder(OrderController.java:31) ~[classes/:na]
	at java.base/jdk.internal.reflect.DirectMethodHandleAccessor.invoke(DirectMethodHandleAccessor.java:103) ~[na:na]
	at java.base/java.lang.reflect.Method.invoke(Method.java:580) ~[na:na]
	at org.springframework.web.method.support.InvocableHandlerMethod.doInvoke(InvocableHandlerMethod.java:205) ~[spring-web-5.3.27.jar:5.3.27]
	at org.springframework.web.method.support.InvocableHandlerMethod.invokeForRequest(InvocableHandlerMethod.java:150) ~[spring-web-5.3.27.jar:5.3.27]
	at org.springframework.web.servlet.mvc.method.annotation.ServletInvocableHandlerMethod.invokeAndHandle(ServletInvocableHandlerMethod.java:117) ~[spring-webmvc-5.3.27.jar:5.3.27]
	at org.springframework.web.servlet.mvc.method.annotation.RequestMappingHandlerAdapter.invokeHandlerMethod(RequestMappingHandlerAdapter.java:895) ~[spring-webmvc-5.3.27.jar:5.3.27]
	at org.springframework.web.servlet.mvc.method.annotation.RequestMappingHandlerAdapter.handleInternal(RequestMappingHandlerAdapter.java:808) ~[spring-webmvc-5.3.27.jar:5.3.27]
	at org.springframework.web.servlet.mvc.method.AbstractHandlerMethodAdapter.handle(AbstractHandlerMethodAdapter.java:87) ~[spring-webmvc-5.3.27.jar:5.3.27]
	at org.springframework.web.servlet.DispatcherServlet.doDispatch(DispatcherServlet.java:1072) ~[spring-webmvc-5.3.27.jar:5.3.27]
	at org.springframework.web.servlet.DispatcherServlet.doService(DispatcherServlet.java:965) ~[spring-webmvc-5.3.27.jar:5.3.27]
	at org.springframework.web.servlet.FrameworkServlet.processRequest(FrameworkServlet.java:1006) ~[spring-webmvc-5.3.27.jar:5.3.27]
	at org.springframework.web.servlet.FrameworkServlet.doPost(FrameworkServlet.java:909) ~[spring-webmvc-5.3.27.jar:5.3.27]
	at javax.servlet.http.HttpServlet.service(HttpServlet.java:555) ~[tomcat-embed-core-9.0.75.jar:4.0.FR]
	at org.springframework.web.servlet.FrameworkServlet.service(FrameworkServlet.java:883) ~[spring-webmvc-5.3.27.jar:5.3.27]
	at javax.servlet.http.HttpServlet.service(HttpServlet.java:623) ~[tomcat-embed-core-9.0.75.jar:4.0.FR]
	at org.apache.catalina.core.ApplicationFilterChain.internalDoFilter(ApplicationFilterChain.java:209) ~[tomcat-embed-core-9.0.75.jar:9.0.75]
	at org.apache.catalina.core.ApplicationFilterChain.doFilter(ApplicationFilterChain.java:153) ~[tomcat-embed-core-9.0.75.jar:9.0.75]
	at org.apache.tomcat.websocket.server.WsFilter.doFilter(WsFilter.java:51) ~[tomcat-embed-websocket-9.0.75.jar:9.0.75]
	at org.apache.catalina.core.ApplicationFilterChain.internalDoFilter(ApplicationFilterChain.java:178) ~[tomcat-embed-core-9.0.75.jar:9.0.75]
	at org.apache.catalina.core.ApplicationFilterChain.doFilter(ApplicationFilterChain.java:153) ~[tomcat-embed-core-9.0.75.jar:9.0.75]
	at org.springframework.web.filter.RequestContextFilter.doFilterInternal(RequestContextFilter.java:100) ~[spring-web-5.3.27.jar:5.3.27]
	at org.springframework.web.filter.OncePerRequestFilter.doFilter(OncePerRequestFilter.java:117) ~[spring-web-5.3.27.jar:5.3.27]
	at org.apache.catalina.core.ApplicationFilterChain.internalDoFilter(ApplicationFilterChain.java:178) ~[tomcat-embed-core-9.0.75.jar:9.0.75]
	at org.apache.catalina.core.ApplicationFilterChain.doFilter(ApplicationFilterChain.java:153) ~[tomcat-embed-core-9.0.75.jar:9.0.75]
	at org.springframework.web.filter.FormContentFilter.doFilterInternal(FormContentFilter.java:93) ~[spring-web-5.3.27.jar:5.3.27]
	at org.springframework.web.filter.OncePerRequestFilter.doFilter(OncePerRequestFilter.java:117) ~[spring-web-5.3.27.jar:5.3.27]
	at org.apache.catalina.core.ApplicationFilterChain.internalDoFilter(ApplicationFilterChain.java:178) ~[tomcat-embed-core-9.0.75.jar:9.0.75]
	at org.apache.catalina.core.ApplicationFilterChain.doFilter(ApplicationFilterChain.java:153) ~[tomcat-embed-core-9.0.75.jar:9.0.75]
	at org.springframework.web.filter.CharacterEncodingFilter.doFilterInternal(CharacterEncodingFilter.java:201) ~[spring-web-5.3.27.jar:5.3.27]
	at org.springframework.web.filter.OncePerRequestFilter.doFilter(OncePerRequestFilter.java:117) ~[spring-web-5.3.27.jar:5.3.27]
	at org.apache.catalina.core.ApplicationFilterChain.internalDoFilter(ApplicationFilterChain.java:178) ~[tomcat-embed-core-9.0.75.jar:9.0.75]
	at org.apache.catalina.core.ApplicationFilterChain.doFilter(ApplicationFilterChain.java:153) ~[tomcat-embed-core-9.0.75.jar:9.0.75]
	at org.apache.catalina.core.StandardWrapperValve.invoke(StandardWrapperValve.java:167) ~[tomcat-embed-core-9.0.75.jar:9.0.75]
	at org.apache.catalina.core.StandardContextValve.invoke(StandardContextValve.java:90) ~[tomcat-embed-core-9.0.75.jar:9.0.75]
	at org.apache.catalina.authenticator.AuthenticatorBase.invoke(AuthenticatorBase.java:481) ~[tomcat-embed-core-9.0.75.jar:9.0.75]
	at org.apache.catalina.core.StandardHostValve.invoke(StandardHostValve.java:130) ~[tomcat-embed-core-9.0.75.jar:9.0.75]
	at org.apache.catalina.valves.ErrorReportValve.invoke(ErrorReportValve.java:93) ~[tomcat-embed-core-9.0.75.jar:9.0.75]
	at org.apache.catalina.core.StandardEngineValve.invoke(StandardEngineValve.java:74) ~[tomcat-embed-core-9.0.75.jar:9.0.75]
	at org.apache.catalina.connector.CoyoteAdapter.service(CoyoteAdapter.java:343) ~[tomcat-embed-core-9.0.75.jar:9.0.75]
	at org.apache.coyote.http11.Http11Processor.service(Http11Processor.java:390) ~[tomcat-embed-core-9.0.75.jar:9.0.75]
	at org.apache.coyote.AbstractProcessorLight.process(AbstractProcessorLight.java:63) ~[tomcat-embed-core-9.0.75.jar:9.0.75]
	at org.apache.coyote.AbstractProtocol$ConnectionHandler.process(AbstractProtocol.java:926) ~[tomcat-embed-core-9.0.75.jar:9.0.75]
	at org.apache.tomcat.util.net.NioEndpoint$SocketProcessor.doRun(NioEndpoint.java:1791) ~[tomcat-embed-core-9.0.75.jar:9.0.75]
	at org.apache.tomcat.util.net.SocketProcessorBase.run(SocketProcessorBase.java:52) ~[tomcat-embed-core-9.0.75.jar:9.0.75]
	at org.apache.tomcat.util.threads.ThreadPoolExecutor.runWorker(ThreadPoolExecutor.java:1191) ~[tomcat-embed-core-9.0.75.jar:9.0.75]
	at org.apache.tomcat.util.threads.ThreadPoolExecutor$Worker.run(ThreadPoolExecutor.java:659) ~[tomcat-embed-core-9.0.75.jar:9.0.75]
	at org.apache.tomcat.util.threads.TaskThread$WrappingRunnable.run(TaskThread.java:61) ~[tomcat-embed-core-9.0.75.jar:9.0.75]
	at java.base/java.lang.Thread.run(Thread.java:1575) ~[na:na]

19:53:45:904  INFO 5808 --- [rpcDispatch_RMROLE_1_3_24] i.s.c.r.p.c.RmBranchCommitProcessor      : rm client handle branch commit process:xid=192.168.163.130:8099:36629696881897497,branchId=36629696881897499,branchType=XA,resourceId=jdbc:mysql://192.168.163.130:3306/hm-trade,applicationData=null
19:53:45:905  INFO 5808 --- [rpcDispatch_RMROLE_1_3_24] io.seata.rm.AbstractRMHandler            : Branch committing: 192.168.163.130:8099:36629696881897497 36629696881897499 jdbc:mysql://192.168.163.130:3306/hm-trade null
19:53:45:909  INFO 5808 --- [rpcDispatch_RMROLE_1_3_24] i.s.rm.datasource.xa.ResourceManagerXA   : 192.168.163.130:8099:36629696881897497-36629696881897499 was committed.
19:53:45:910  INFO 5808 --- [rpcDispatch_RMROLE_1_3_24] io.seata.rm.AbstractRMHandler            : Branch commit result: PhaseTwo_Committed
19:53:45:943  INFO 5808 --- [http-nio-8085-exec-8] i.seata.tm.api.DefaultGlobalTransaction  : Suspending current transaction, xid = 192.168.163.130:8099:36629696881897497
19:53:45:943  INFO 5808 --- [http-nio-8085-exec-8] i.seata.tm.api.DefaultGlobalTransaction  : [192.168.163.130:8099:36629696881897497] commit status: Committed
19:53:46:080 DEBUG 5808 --- [http-nio-8085-exec-9] c.h.trade.mapper.OrderMapper.selectById  : ==>  Preparing: SELECT id,total_fee,payment_type,user_id,status,create_time,pay_time,consign_time,end_time,close_time,comment_time,update_time FROM `order` WHERE id=?
19:53:46:082 DEBUG 5808 --- [http-nio-8085-exec-9] c.h.trade.mapper.OrderMapper.selectById  : ==> Parameters: 1872249439712817154(Long)
19:53:46:084 DEBUG 5808 --- [http-nio-8085-exec-9] c.h.trade.mapper.OrderMapper.selectById  : <==      Total: 1
19:59:52:011  INFO 5808 --- [nacos-grpc-client-executor-384] com.alibaba.nacos.common.remote.client   : [2158cd69-c54b-4e53-b07c-6f5f04da2fc3] Receive server push request, request = NotifySubscriberRequest, requestId = 213
19:59:52:017  INFO 5808 --- [nacos-grpc-client-executor-384] com.alibaba.nacos.common.remote.client   : [2158cd69-c54b-4e53-b07c-6f5f04da2fc3] Ack server push request, request = NotifySubscriberRequest, requestId = 213
20:00:02:581  INFO 5808 --- [nacos-grpc-client-executor-386] com.alibaba.nacos.common.remote.client   : [2158cd69-c54b-4e53-b07c-6f5f04da2fc3] Receive server push request, request = NotifySubscriberRequest, requestId = 218
20:00:02:584  INFO 5808 --- [nacos-grpc-client-executor-386] com.alibaba.nacos.common.remote.client   : [2158cd69-c54b-4e53-b07c-6f5f04da2fc3] Ack server push request, request = NotifySubscriberRequest, requestId = 218
20:01:37:372  INFO 5808 --- [http-nio-8085-exec-1] i.seata.tm.api.DefaultGlobalTransaction  : Begin new global transaction [192.168.163.130:8099:36629696881897509]
20:01:37:380 DEBUG 5808 --- [http-nio-8085-exec-1] com.hmall.api.client.ItemClient          : [ItemClient#queryItemsByIds] ---> GET http://item-service/items?ids=100001511821 HTTP/1.1
20:01:37:381 DEBUG 5808 --- [http-nio-8085-exec-1] com.hmall.api.client.ItemClient          : [ItemClient#queryItemsByIds] user-info: 1
20:01:37:381 DEBUG 5808 --- [http-nio-8085-exec-1] com.hmall.api.client.ItemClient          : [ItemClient#queryItemsByIds] ---> END HTTP (0-byte body)
20:01:37:421 DEBUG 5808 --- [http-nio-8085-exec-1] com.hmall.api.client.ItemClient          : [ItemClient#queryItemsByIds] <--- HTTP/1.1 200  (39ms)
20:01:37:422 DEBUG 5808 --- [http-nio-8085-exec-1] com.hmall.api.client.ItemClient          : [ItemClient#queryItemsByIds] connection: keep-alive
20:01:37:422 DEBUG 5808 --- [http-nio-8085-exec-1] com.hmall.api.client.ItemClient          : [ItemClient#queryItemsByIds] content-type: application/json
20:01:37:422 DEBUG 5808 --- [http-nio-8085-exec-1] com.hmall.api.client.ItemClient          : [ItemClient#queryItemsByIds] date: Thu, 26 Dec 2024 12:01:37 GMT
20:01:37:423 DEBUG 5808 --- [http-nio-8085-exec-1] com.hmall.api.client.ItemClient          : [ItemClient#queryItemsByIds] keep-alive: timeout=60
20:01:37:423 DEBUG 5808 --- [http-nio-8085-exec-1] com.hmall.api.client.ItemClient          : [ItemClient#queryItemsByIds] transfer-encoding: chunked
20:01:37:423 DEBUG 5808 --- [http-nio-8085-exec-1] com.hmall.api.client.ItemClient          : [ItemClient#queryItemsByIds] 
20:01:37:424 DEBUG 5808 --- [http-nio-8085-exec-1] com.hmall.api.client.ItemClient          : [ItemClient#queryItemsByIds] [{"id":"100001511821","name":"HMDIME 牛仔背带裤女2018秋冬新品 韩版学院风潮流百搭弹力修身补丁学生吊带长裤女 AXNZ369 深蓝 30","price":13700,"stock":0,"image":"https://m.360buyimg.com/mobilecms/s720x720_jfs/t30892/263/313055374/557791/c98e9abc/5bef811aN036f7c3b.jpg!q70.jpg.webp","category":"牛仔裤","brand":"HMDIME","spec":"{\"颜色\": \"蓝色\", \"尺码\": \"30\"}","sold":0,"commentCount":0,"isAD":false,"status":1}]
20:01:37:424 DEBUG 5808 --- [http-nio-8085-exec-1] com.hmall.api.client.ItemClient          : [ItemClient#queryItemsByIds] <--- END HTTP (456-byte body)
20:01:37:426 DEBUG 5808 --- [http-nio-8085-exec-1] c.hmall.trade.mapper.OrderMapper.insert  : ==>  Preparing: INSERT INTO `order` ( id, total_fee, payment_type, user_id, status ) VALUES ( ?, ?, ?, ?, ? )
20:01:37:427 DEBUG 5808 --- [http-nio-8085-exec-1] c.hmall.trade.mapper.OrderMapper.insert  : ==> Parameters: 1872251417868218370(Long), 13700(Integer), 3(Integer), 1(Long), 1(Integer)
20:01:37:429 DEBUG 5808 --- [http-nio-8085-exec-1] c.hmall.trade.mapper.OrderMapper.insert  : <==    Updates: 1
20:01:37:431 DEBUG 5808 --- [http-nio-8085-exec-1] c.h.t.mapper.OrderDetailMapper.insert    : ==>  Preparing: INSERT INTO order_detail ( order_id, item_id, num, name, spec, price, image ) VALUES ( ?, ?, ?, ?, ?, ?, ? )
20:01:37:431 DEBUG 5808 --- [http-nio-8085-exec-1] c.h.t.mapper.OrderDetailMapper.insert    : ==> Parameters: 1872251417868218370(Long), 100001511821(Long), 1(Integer), HMDIME 牛仔背带裤女2018秋冬新品 韩版学院风潮流百搭弹力修身补丁学生吊带长裤女 AXNZ369 深蓝 30(String), {"颜色": "蓝色", "尺码": "30"}(String), 13700(Integer), https://m.360buyimg.com/mobilecms/s720x720_jfs/t30892/263/313055374/557791/c98e9abc/5bef811aN036f7c3b.jpg!q70.jpg.webp(String)
20:01:37:435 DEBUG 5808 --- [http-nio-8085-exec-1] com.hmall.api.client.CartClient          : [CartClient#deleteCartItemByIds] ---> DELETE http://cart-service/carts?ids=100001511821 HTTP/1.1
20:01:37:435 DEBUG 5808 --- [http-nio-8085-exec-1] com.hmall.api.client.CartClient          : [CartClient#deleteCartItemByIds] user-info: 1
20:01:37:436 DEBUG 5808 --- [http-nio-8085-exec-1] com.hmall.api.client.CartClient          : [CartClient#deleteCartItemByIds] ---> END HTTP (0-byte body)
20:01:37:456 DEBUG 5808 --- [http-nio-8085-exec-1] com.hmall.api.client.CartClient          : [CartClient#deleteCartItemByIds] <--- HTTP/1.1 200  (19ms)
20:01:37:456 DEBUG 5808 --- [http-nio-8085-exec-1] com.hmall.api.client.CartClient          : [CartClient#deleteCartItemByIds] connection: keep-alive
20:01:37:457 DEBUG 5808 --- [http-nio-8085-exec-1] com.hmall.api.client.CartClient          : [CartClient#deleteCartItemByIds] content-length: 0
20:01:37:457 DEBUG 5808 --- [http-nio-8085-exec-1] com.hmall.api.client.CartClient          : [CartClient#deleteCartItemByIds] date: Thu, 26 Dec 2024 12:01:37 GMT
20:01:37:457 DEBUG 5808 --- [http-nio-8085-exec-1] com.hmall.api.client.CartClient          : [CartClient#deleteCartItemByIds] keep-alive: timeout=60
20:01:37:457 DEBUG 5808 --- [http-nio-8085-exec-1] com.hmall.api.client.CartClient          : [CartClient#deleteCartItemByIds] <--- END HTTP (0-byte body)
20:01:37:458 DEBUG 5808 --- [http-nio-8085-exec-1] com.hmall.api.client.ItemClient          : [ItemClient#deductStock] ---> PUT http://item-service/items/stock/deduct HTTP/1.1
20:01:37:458 DEBUG 5808 --- [http-nio-8085-exec-1] com.hmall.api.client.ItemClient          : [ItemClient#deductStock] Content-Length: 35
20:01:37:459 DEBUG 5808 --- [http-nio-8085-exec-1] com.hmall.api.client.ItemClient          : [ItemClient#deductStock] Content-Type: application/json
20:01:37:459 DEBUG 5808 --- [http-nio-8085-exec-1] com.hmall.api.client.ItemClient          : [ItemClient#deductStock] user-info: 1
20:01:37:459 DEBUG 5808 --- [http-nio-8085-exec-1] com.hmall.api.client.ItemClient          : [ItemClient#deductStock] 
20:01:37:459 DEBUG 5808 --- [http-nio-8085-exec-1] com.hmall.api.client.ItemClient          : [ItemClient#deductStock] [{"itemId":"100001511821","num":1}]
20:01:37:459 DEBUG 5808 --- [http-nio-8085-exec-1] com.hmall.api.client.ItemClient          : [ItemClient#deductStock] ---> END HTTP (35-byte body)
20:01:37:646 DEBUG 5808 --- [http-nio-8085-exec-1] com.hmall.api.client.ItemClient          : [ItemClient#deductStock] <--- HTTP/1.1 500  (187ms)
20:01:37:647 DEBUG 5808 --- [http-nio-8085-exec-1] com.hmall.api.client.ItemClient          : [ItemClient#deductStock] connection: close
20:01:37:648 DEBUG 5808 --- [http-nio-8085-exec-1] com.hmall.api.client.ItemClient          : [ItemClient#deductStock] content-type: application/json
