19:36:50:621  INFO 16420 --- [nacos-grpc-client-executor-33016] com.alibaba.nacos.common.remote.client   : [0d3134e6-ad49-4b94-83b1-7786da731aa9_config-0] Receive server push request, request = ConfigChangeNotifyRequest, requestId = 13
19:36:50:668  INFO 16420 --- [nacos-grpc-client-executor-33016] com.alibaba.nacos.common.remote.client   : [0d3134e6-ad49-4b94-83b1-7786da731aa9_config-0] Ack server push request, request = ConfigChangeNotifyRequest, requestId = 13
19:36:50:784  INFO 16420 --- [nacos.client.cachedata.internal.notifier] c.h.gateway.routers.DynamicRouteLoader   : 监听到路由信息
19:49:49:197  INFO 16420 --- [nacos-grpc-client-executor-35727] com.alibaba.nacos.common.remote.client   : [3b90a7a3-38e6-4d29-bdca-94b20ea66686] Receive server push request, request = NotifySubscriberRequest, requestId = 14
19:49:49:199  INFO 16420 --- [nacos-grpc-client-executor-35727] com.alibaba.nacos.common.remote.client   : [3b90a7a3-38e6-4d29-bdca-94b20ea66686] Ack server push request, request = NotifySubscriberRequest, requestId = 14
20:01:07:544  INFO 16420 --- [nacos-grpc-client-executor-35876] com.alibaba.nacos.common.remote.client   : [3b90a7a3-38e6-4d29-bdca-94b20ea66686] Receive server push request, request = NotifySubscriberRequest, requestId = 17
20:01:07:546  INFO 16420 --- [nacos-grpc-client-executor-35876] com.alibaba.nacos.common.remote.client   : [3b90a7a3-38e6-4d29-bdca-94b20ea66686] Ack server push request, request = NotifySubscriberRequest, requestId = 17
20:01:24:269  INFO 16420 --- [nacos-grpc-client-executor-35879] com.alibaba.nacos.common.remote.client   : [3b90a7a3-38e6-4d29-bdca-94b20ea66686] Receive server push request, request = NotifySubscriberRequest, requestId = 18
20:01:24:272  INFO 16420 --- [nacos-grpc-client-executor-35879] com.alibaba.nacos.common.remote.client   : [3b90a7a3-38e6-4d29-bdca-94b20ea66686] Ack server push request, request = NotifySubscriberRequest, requestId = 18
20:05:05:476  INFO 16420 --- [nacos-grpc-client-executor-35927] com.alibaba.nacos.common.remote.client   : [3b90a7a3-38e6-4d29-bdca-94b20ea66686] Receive server push request, request = NotifySubscriberRequest, requestId = 20
20:05:05:478  INFO 16420 --- [nacos-grpc-client-executor-35927] com.alibaba.nacos.common.remote.client   : [3b90a7a3-38e6-4d29-bdca-94b20ea66686] Ack server push request, request = NotifySubscriberRequest, requestId = 20
20:05:17:267  INFO 16420 --- [nacos-grpc-client-executor-35929] com.alibaba.nacos.common.remote.client   : [3b90a7a3-38e6-4d29-bdca-94b20ea66686] Receive server push request, request = NotifySubscriberRequest, requestId = 22
20:05:17:271  INFO 16420 --- [nacos-grpc-client-executor-35929] com.alibaba.nacos.common.remote.client   : [3b90a7a3-38e6-4d29-bdca-94b20ea66686] Ack server push request, request = NotifySubscriberRequest, requestId = 22
20:06:33:874  INFO 16420 --- [nacos-grpc-client-executor-35946] com.alibaba.nacos.common.remote.client   : [3b90a7a3-38e6-4d29-bdca-94b20ea66686] Receive server push request, request = NotifySubscriberRequest, requestId = 25
20:06:33:875  INFO 16420 --- [nacos-grpc-client-executor-35946] com.alibaba.nacos.common.remote.client   : [3b90a7a3-38e6-4d29-bdca-94b20ea66686] Ack server push request, request = NotifySubscriberRequest, requestId = 25
20:19:47:144  INFO 16420 --- [nacos-grpc-client-executor-36122] com.alibaba.nacos.common.remote.client   : [3b90a7a3-38e6-4d29-bdca-94b20ea66686] Receive server push request, request = NotifySubscriberRequest, requestId = 27
20:19:47:146  INFO 16420 --- [nacos-grpc-client-executor-36122] com.alibaba.nacos.common.remote.client   : [3b90a7a3-38e6-4d29-bdca-94b20ea66686] Ack server push request, request = NotifySubscriberRequest, requestId = 27
20:19:59:042  INFO 16420 --- [nacos-grpc-client-executor-36125] com.alibaba.nacos.common.remote.client   : [3b90a7a3-38e6-4d29-bdca-94b20ea66686] Receive server push request, request = NotifySubscriberRequest, requestId = 29
20:19:59:044  INFO 16420 --- [nacos-grpc-client-executor-36125] com.alibaba.nacos.common.remote.client   : [3b90a7a3-38e6-4d29-bdca-94b20ea66686] Ack server push request, request = NotifySubscriberRequest, requestId = 29
20:35:32:199  INFO 16420 --- [nacos-grpc-client-executor-36338] com.alibaba.nacos.common.remote.client   : [3b90a7a3-38e6-4d29-bdca-94b20ea66686] Receive server push request, request = NotifySubscriberRequest, requestId = 32
20:35:32:201  INFO 16420 --- [nacos-grpc-client-executor-36338] com.alibaba.nacos.common.remote.client   : [3b90a7a3-38e6-4d29-bdca-94b20ea66686] Ack server push request, request = NotifySubscriberRequest, requestId = 32
20:35:33:407  INFO 16420 --- [nacos-grpc-client-executor-36339] com.alibaba.nacos.common.remote.client   : [3b90a7a3-38e6-4d29-bdca-94b20ea66686] Receive server push request, request = NotifySubscriberRequest, requestId = 33
20:35:33:409  INFO 16420 --- [nacos-grpc-client-executor-36339] com.alibaba.nacos.common.remote.client   : [3b90a7a3-38e6-4d29-bdca-94b20ea66686] Ack server push request, request = NotifySubscriberRequest, requestId = 33
20:35:48:830  INFO 16420 --- [nacos-grpc-client-executor-36346] com.alibaba.nacos.common.remote.client   : [3b90a7a3-38e6-4d29-bdca-94b20ea66686] Receive server push request, request = NotifySubscriberRequest, requestId = 35
20:35:48:832  INFO 16420 --- [nacos-grpc-client-executor-36346] com.alibaba.nacos.common.remote.client   : [3b90a7a3-38e6-4d29-bdca-94b20ea66686] Ack server push request, request = NotifySubscriberRequest, requestId = 35
20:36:01:712  INFO 16420 --- [nacos-grpc-client-executor-36349] com.alibaba.nacos.common.remote.client   : [3b90a7a3-38e6-4d29-bdca-94b20ea66686] Receive server push request, request = NotifySubscriberRequest, requestId = 36
20:36:01:716  INFO 16420 --- [nacos-grpc-client-executor-36349] com.alibaba.nacos.common.remote.client   : [3b90a7a3-38e6-4d29-bdca-94b20ea66686] Ack server push request, request = NotifySubscriberRequest, requestId = 36
20:52:37:236  INFO 16420 --- [nacos-grpc-client-executor-36572] com.alibaba.nacos.common.remote.client   : [3b90a7a3-38e6-4d29-bdca-94b20ea66686] Receive server push request, request = NotifySubscriberRequest, requestId = 39
20:52:37:239  INFO 16420 --- [nacos-grpc-client-executor-36572] com.alibaba.nacos.common.remote.client   : [3b90a7a3-38e6-4d29-bdca-94b20ea66686] Ack server push request, request = NotifySubscriberRequest, requestId = 39
20:52:47:714  INFO 16420 --- [nacos-grpc-client-executor-36575] com.alibaba.nacos.common.remote.client   : [3b90a7a3-38e6-4d29-bdca-94b20ea66686] Receive server push request, request = NotifySubscriberRequest, requestId = 42
20:52:47:718  INFO 16420 --- [nacos-grpc-client-executor-36575] com.alibaba.nacos.common.remote.client   : [3b90a7a3-38e6-4d29-bdca-94b20ea66686] Ack server push request, request = NotifySubscriberRequest, requestId = 42
21:05:37:491  INFO 16420 --- [nacos-grpc-client-executor-36756] com.alibaba.nacos.common.remote.client   : [3b90a7a3-38e6-4d29-bdca-94b20ea66686] Receive server push request, request = NotifySubscriberRequest, requestId = 45
21:05:37:493  INFO 16420 --- [nacos-grpc-client-executor-36756] com.alibaba.nacos.common.remote.client   : [3b90a7a3-38e6-4d29-bdca-94b20ea66686] Ack server push request, request = NotifySubscriberRequest, requestId = 45
21:05:37:591  INFO 16420 --- [nacos-grpc-client-executor-36757] com.alibaba.nacos.common.remote.client   : [3b90a7a3-38e6-4d29-bdca-94b20ea66686] Receive server push request, request = NotifySubscriberRequest, requestId = 47
21:05:37:593  INFO 16420 --- [nacos-grpc-client-executor-36757] com.alibaba.nacos.common.remote.client   : [3b90a7a3-38e6-4d29-bdca-94b20ea66686] Ack server push request, request = NotifySubscriberRequest, requestId = 47
21:05:40:308  INFO 16420 --- [nacos-grpc-client-executor-36759] com.alibaba.nacos.common.remote.client   : [3b90a7a3-38e6-4d29-bdca-94b20ea66686] Receive server push request, request = NotifySubscriberRequest, requestId = 48
21:05:40:310  INFO 16420 --- [nacos-grpc-client-executor-36759] com.alibaba.nacos.common.remote.client   : [3b90a7a3-38e6-4d29-bdca-94b20ea66686] Ack server push request, request = NotifySubscriberRequest, requestId = 48
21:05:40:311  INFO 16420 --- [nacos-grpc-client-executor-36760] com.alibaba.nacos.common.remote.client   : [3b90a7a3-38e6-4d29-bdca-94b20ea66686] Receive server push request, request = NotifySubscriberRequest, requestId = 49
21:05:40:312  INFO 16420 --- [nacos-grpc-client-executor-36760] com.alibaba.nacos.common.remote.client   : [3b90a7a3-38e6-4d29-bdca-94b20ea66686] Ack server push request, request = NotifySubscriberRequest, requestId = 49
21:05:40:409  INFO 16420 --- [nacos-grpc-client-executor-36761] com.alibaba.nacos.common.remote.client   : [3b90a7a3-38e6-4d29-bdca-94b20ea66686] Receive server push request, request = NotifySubscriberRequest, requestId = 50
21:05:40:410  INFO 16420 --- [nacos-grpc-client-executor-36761] com.alibaba.nacos.common.remote.client   : [3b90a7a3-38e6-4d29-bdca-94b20ea66686] Ack server push request, request = NotifySubscriberRequest, requestId = 50
21:06:02:335  INFO 16420 --- [nacos-grpc-client-executor-36767] com.alibaba.nacos.common.remote.client   : [3b90a7a3-38e6-4d29-bdca-94b20ea66686] Receive server push request, request = NotifySubscriberRequest, requestId = 52
21:06:02:345  INFO 16420 --- [nacos-grpc-client-executor-36767] com.alibaba.nacos.common.remote.client   : [3b90a7a3-38e6-4d29-bdca-94b20ea66686] Ack server push request, request = NotifySubscriberRequest, requestId = 52
21:06:22:669  INFO 16420 --- [nacos-grpc-client-executor-36777] com.alibaba.nacos.common.remote.client   : [3b90a7a3-38e6-4d29-bdca-94b20ea66686] Receive server push request, request = NotifySubscriberRequest, requestId = 54
21:06:22:944  INFO 16420 --- [nacos-grpc-client-executor-36777] com.alibaba.nacos.common.remote.client   : [3b90a7a3-38e6-4d29-bdca-94b20ea66686] Ack server push request, request = NotifySubscriberRequest, requestId = 54
21:06:31:775  INFO 16420 --- [nacos-grpc-client-executor-36779] com.alibaba.nacos.common.remote.client   : [3b90a7a3-38e6-4d29-bdca-94b20ea66686] Receive server push request, request = NotifySubscriberRequest, requestId = 56
21:06:31:874  INFO 16420 --- [nacos-grpc-client-executor-36779] com.alibaba.nacos.common.remote.client   : [3b90a7a3-38e6-4d29-bdca-94b20ea66686] Ack server push request, request = NotifySubscriberRequest, requestId = 56
21:06:40:609  INFO 16420 --- [nacos-grpc-client-executor-36782] com.alibaba.nacos.common.remote.client   : [3b90a7a3-38e6-4d29-bdca-94b20ea66686] Receive server push request, request = NotifySubscriberRequest, requestId = 58
21:06:40:621  INFO 16420 --- [nacos-grpc-client-executor-36782] com.alibaba.nacos.common.remote.client   : [3b90a7a3-38e6-4d29-bdca-94b20ea66686] Ack server push request, request = NotifySubscriberRequest, requestId = 58
21:06:40:801  INFO 16420 --- [nacos-grpc-client-executor-36783] com.alibaba.nacos.common.remote.client   : [3b90a7a3-38e6-4d29-bdca-94b20ea66686] Receive server push request, request = NotifySubscriberRequest, requestId = 59
21:06:40:806  INFO 16420 --- [nacos-grpc-client-executor-36783] com.alibaba.nacos.common.remote.client   : [3b90a7a3-38e6-4d29-bdca-94b20ea66686] Ack server push request, request = NotifySubscriberRequest, requestId = 59
