19:35:40:522 DEBUG 19204 --- [http-nio-8081-exec-9] c.h.i.mapper.ItemMapper.selectBatchIds   : ==>  Preparing: SELECT id,name,price,stock,image,category,brand,spec,sold,comment_count,isAD,status,create_time,update_time,creater,updater FROM item WHERE id IN ( ? , ? )
19:35:40:535 DEBUG 19204 --- [http-nio-8081-exec-9] c.h.i.mapper.ItemMapper.selectBatchIds   : ==> Parameters: 100000006163(Long), 100001511821(Long)
19:35:40:544 DEBUG 19204 --- [http-nio-8081-exec-9] c.h.i.mapper.ItemMapper.selectBatchIds   : <==      Total: 2
19:49:12:136 DEBUG 19204 --- [http-nio-8081-exec-1] c.h.i.mapper.ItemMapper.selectBatchIds   : ==>  Preparing: SELECT id,name,price,stock,image,category,brand,spec,sold,comment_count,isAD,status,create_time,update_time,creater,updater FROM item WHERE id IN ( ? , ? )
19:49:12:137 DEBUG 19204 --- [http-nio-8081-exec-1] c.h.i.mapper.ItemMapper.selectBatchIds   : ==> Parameters: 100000006163(Long), 100001511821(Long)
19:49:12:141 DEBUG 19204 --- [http-nio-8081-exec-1] c.h.i.mapper.ItemMapper.selectBatchIds   : <==      Total: 2
19:49:24:343 DEBUG 19204 --- [http-nio-8081-exec-3] c.h.i.mapper.ItemMapper.selectBatchIds   : ==>  Preparing: SELECT id,name,price,stock,image,category,brand,spec,sold,comment_count,isAD,status,create_time,update_time,creater,updater FROM item WHERE id IN ( ? , ? )
19:49:24:344 DEBUG 19204 --- [http-nio-8081-exec-3] c.h.i.mapper.ItemMapper.selectBatchIds   : ==> Parameters: 100000006163(Long), 100001511821(Long)
19:49:24:350 DEBUG 19204 --- [http-nio-8081-exec-3] c.h.i.mapper.ItemMapper.selectBatchIds   : <==      Total: 2
19:49:30:526 DEBUG 19204 --- [http-nio-8081-exec-4] c.h.i.mapper.ItemMapper.selectBatchIds   : ==>  Preparing: SELECT id,name,price,stock,image,category,brand,spec,sold,comment_count,isAD,status,create_time,update_time,creater,updater FROM item WHERE id IN ( ? , ? )
19:49:30:527 DEBUG 19204 --- [http-nio-8081-exec-4] c.h.i.mapper.ItemMapper.selectBatchIds   : ==> Parameters: 100000006163(Long), 100001511821(Long)
19:49:30:531 DEBUG 19204 --- [http-nio-8081-exec-4] c.h.i.mapper.ItemMapper.selectBatchIds   : <==      Total: 2
19:49:49:660 DEBUG 19204 --- [http-nio-8081-exec-2] c.h.i.mapper.ItemMapper.selectBatchIds   : ==>  Preparing: SELECT id,name,price,stock,image,category,brand,spec,sold,comment_count,isAD,status,create_time,update_time,creater,updater FROM item WHERE id IN ( ? )
19:49:49:662 DEBUG 19204 --- [http-nio-8081-exec-2] c.h.i.mapper.ItemMapper.selectBatchIds   : ==> Parameters: 100001511821(Long)
19:49:49:664 DEBUG 19204 --- [http-nio-8081-exec-2] c.h.i.mapper.ItemMapper.selectBatchIds   : <==      Total: 1
19:52:09:108 DEBUG 19204 --- [http-nio-8081-exec-7] c.h.i.mapper.ItemMapper.selectBatchIds   : ==>  Preparing: SELECT id,name,price,stock,image,category,brand,spec,sold,comment_count,isAD,status,create_time,update_time,creater,updater FROM item WHERE id IN ( ? )
19:52:09:110 DEBUG 19204 --- [http-nio-8081-exec-7] c.h.i.mapper.ItemMapper.selectBatchIds   : ==> Parameters: 100001511821(Long)
19:52:09:111 DEBUG 19204 --- [http-nio-8081-exec-7] c.h.i.mapper.ItemMapper.selectBatchIds   : <==      Total: 1
19:53:51:269 DEBUG 19204 --- [http-nio-8081-exec-9] c.h.i.mapper.ItemMapper.selectBatchIds   : ==>  Preparing: SELECT id,name,price,stock,image,category,brand,spec,sold,comment_count,isAD,status,create_time,update_time,creater,updater FROM item WHERE id IN ( ? )
19:53:51:271 DEBUG 19204 --- [http-nio-8081-exec-9] c.h.i.mapper.ItemMapper.selectBatchIds   : ==> Parameters: 100001511821(Long)
19:53:51:273 DEBUG 19204 --- [http-nio-8081-exec-9] c.h.i.mapper.ItemMapper.selectBatchIds   : <==      Total: 1
19:54:37:512 DEBUG 19204 --- [http-nio-8081-exec-10] c.h.i.mapper.ItemMapper.selectBatchIds   : ==>  Preparing: SELECT id,name,price,stock,image,category,brand,spec,sold,comment_count,isAD,status,create_time,update_time,creater,updater FROM item WHERE id IN ( ? , ? )
19:54:37:514 DEBUG 19204 --- [http-nio-8081-exec-10] c.h.i.mapper.ItemMapper.selectBatchIds   : ==> Parameters: 100000006163(Long), 100001511821(Long)
19:54:37:517 DEBUG 19204 --- [http-nio-8081-exec-10] c.h.i.mapper.ItemMapper.selectBatchIds   : <==      Total: 2
19:54:38:771 DEBUG 19204 --- [http-nio-8081-exec-1] c.h.i.m.ItemMapper.selectPage_mpCount    : ==>  Preparing: SELECT COUNT(*) AS total FROM item WHERE (status = ?)
19:54:38:794 DEBUG 19204 --- [http-nio-8081-exec-1] c.h.i.m.ItemMapper.selectPage_mpCount    : ==> Parameters: 1(Integer)
19:54:38:974 DEBUG 19204 --- [http-nio-8081-exec-1] c.h.i.m.ItemMapper.selectPage_mpCount    : <==      Total: 1
19:54:38:993 DEBUG 19204 --- [http-nio-8081-exec-1] c.h.item.mapper.ItemMapper.selectPage    : ==>  Preparing: SELECT id, name, price, stock, image, category, brand, spec, sold, comment_count, isAD, status, create_time, update_time, creater, updater FROM item WHERE (status = ?) ORDER BY update_time DESC LIMIT ?
19:54:38:997 DEBUG 19204 --- [http-nio-8081-exec-1] c.h.item.mapper.ItemMapper.selectPage    : ==> Parameters: 1(Integer), 20(Long)
19:54:39:549 DEBUG 19204 --- [http-nio-8081-exec-1] c.h.item.mapper.ItemMapper.selectPage    : <==      Total: 20
19:55:14:186 DEBUG 19204 --- [http-nio-8081-exec-4] c.h.i.mapper.ItemMapper.selectBatchIds   : ==>  Preparing: SELECT id,name,price,stock,image,category,brand,spec,sold,comment_count,isAD,status,create_time,update_time,creater,updater FROM item WHERE id IN ( ? , ? )
19:55:14:187 DEBUG 19204 --- [http-nio-8081-exec-4] c.h.i.mapper.ItemMapper.selectBatchIds   : ==> Parameters: 100000006163(Long), 100001511821(Long)
19:55:14:190 DEBUG 19204 --- [http-nio-8081-exec-4] c.h.i.mapper.ItemMapper.selectBatchIds   : <==      Total: 2
19:55:28:897 DEBUG 19204 --- [http-nio-8081-exec-2] c.h.i.mapper.ItemMapper.selectBatchIds   : ==>  Preparing: SELECT id,name,price,stock,image,category,brand,spec,sold,comment_count,isAD,status,create_time,update_time,creater,updater FROM item WHERE id IN ( ? )
19:55:28:898 DEBUG 19204 --- [http-nio-8081-exec-2] c.h.i.mapper.ItemMapper.selectBatchIds   : ==> Parameters: 100001511821(Long)
19:55:28:900 DEBUG 19204 --- [http-nio-8081-exec-2] c.h.i.mapper.ItemMapper.selectBatchIds   : <==      Total: 1
20:02:04:677 DEBUG 19204 --- [http-nio-8081-exec-8] c.h.i.mapper.ItemMapper.selectBatchIds   : ==>  Preparing: SELECT id,name,price,stock,image,category,brand,spec,sold,comment_count,isAD,status,create_time,update_time,creater,updater FROM item WHERE id IN ( ? )
20:02:04:678 DEBUG 19204 --- [http-nio-8081-exec-8] c.h.i.mapper.ItemMapper.selectBatchIds   : ==> Parameters: 100001511821(Long)
20:02:04:680 DEBUG 19204 --- [http-nio-8081-exec-8] c.h.i.mapper.ItemMapper.selectBatchIds   : <==      Total: 1
20:02:31:061 DEBUG 19204 --- [http-nio-8081-exec-9] c.h.i.mapper.ItemMapper.selectBatchIds   : ==>  Preparing: SELECT id,name,price,stock,image,category,brand,spec,sold,comment_count,isAD,status,create_time,update_time,creater,updater FROM item WHERE id IN ( ? )
20:02:31:062 DEBUG 19204 --- [http-nio-8081-exec-9] c.h.i.mapper.ItemMapper.selectBatchIds   : ==> Parameters: 100001511821(Long)
20:02:31:064 DEBUG 19204 --- [http-nio-8081-exec-9] c.h.i.mapper.ItemMapper.selectBatchIds   : <==      Total: 1
20:06:32:107 DEBUG 19204 --- [http-nio-8081-exec-1] c.h.i.mapper.ItemMapper.selectBatchIds   : ==>  Preparing: SELECT id,name,price,stock,image,category,brand,spec,sold,comment_count,isAD,status,create_time,update_time,creater,updater FROM item WHERE id IN ( ? )
20:06:32:108 DEBUG 19204 --- [http-nio-8081-exec-1] c.h.i.mapper.ItemMapper.selectBatchIds   : ==> Parameters: 100001511821(Long)
20:06:32:110 DEBUG 19204 --- [http-nio-8081-exec-1] c.h.i.mapper.ItemMapper.selectBatchIds   : <==      Total: 1
20:06:32:488  WARN 19204 --- [http-nio-8081-exec-3] c.h.item.service.impl.ItemServiceImpl    : SqlSession [org.apache.ibatis.session.defaults.DefaultSqlSession@39f5962] Transaction not enabled
20:06:32:491 DEBUG 19204 --- [http-nio-8081-exec-3] c.h.item.mapper.ItemMapper.updateStock   : ==>  Preparing: UPDATE item SET stock = stock - ? WHERE id = ?
20:06:32:494 DEBUG 19204 --- [http-nio-8081-exec-3] c.h.item.mapper.ItemMapper.updateStock   : ==> Parameters: 1(Integer), 100001511821(Long)
21:05:51:563  INFO 16440 --- [main] com.hmall.item.ItemApplication           : The following 1 profile is active: "local"
21:05:53:433  INFO 16440 --- [main] .s.d.r.c.RepositoryConfigurationDelegate : Multiple Spring Data modules found, entering strict repository configuration mode
21:05:53:439  INFO 16440 --- [main] .s.d.r.c.RepositoryConfigurationDelegate : Bootstrapping Spring Data Redis repositories in DEFAULT mode.
21:05:53:502  INFO 16440 --- [main] .s.d.r.c.RepositoryConfigurationDelegate : Finished Spring Data repository scanning in 29 ms. Found 0 Redis repository interfaces.
21:05:54:191  INFO 16440 --- [main] o.s.cloud.context.scope.GenericScope     : BeanFactory id=0c2f89e4-24d4-37ff-b6ca-564cae5b9951
21:05:55:737  INFO 16440 --- [main] o.s.b.w.embedded.tomcat.TomcatWebServer  : Tomcat initialized with port(s): 8081 (http)
21:05:55:781  INFO 16440 --- [main] o.apache.catalina.core.StandardService   : Starting service [Tomcat]
21:05:55:783  INFO 16440 --- [main] org.apache.catalina.core.StandardEngine  : Starting Servlet engine: [Apache Tomcat/9.0.75]
21:05:56:099  INFO 16440 --- [main] o.a.c.c.C.[Tomcat].[localhost].[/]       : Initializing Spring embedded WebApplicationContext
21:05:56:100  INFO 16440 --- [main] w.s.c.ServletWebServerApplicationContext : Root WebApplicationContext: initialization completed in 4500 ms
21:05:59:097  INFO 16440 --- [main] pertySourcedRequestMappingHandlerMapping : Mapped URL path [/v2/api-docs] onto method [springfox.documentation.swagger2.web.Swagger2ControllerWebMvc#getDocumentation(String, HttpServletRequest)]
21:06:01:319  INFO 16440 --- [main] com.alibaba.nacos.common.remote.client   : [RpcClientFactory] create a new rpc client of 76f30090-3f29-4d33-9804-7c1430f50e51
21:06:01:331  INFO 16440 --- [main] com.alibaba.nacos.common.remote.client   : [76f30090-3f29-4d33-9804-7c1430f50e51] RpcClient init label, labels = {module=naming, source=sdk}
21:06:01:334  INFO 16440 --- [main] com.alibaba.nacos.common.remote.client   : [76f30090-3f29-4d33-9804-7c1430f50e51] RpcClient init, ServerListFactory = com.alibaba.nacos.client.naming.core.ServerListManager
21:06:01:335  INFO 16440 --- [main] com.alibaba.nacos.common.remote.client   : [76f30090-3f29-4d33-9804-7c1430f50e51] Registry connection listener to current client:com.alibaba.nacos.client.naming.remote.gprc.redo.NamingGrpcRedoService
21:06:01:337  INFO 16440 --- [main] com.alibaba.nacos.common.remote.client   : [76f30090-3f29-4d33-9804-7c1430f50e51] Register server push request handler:com.alibaba.nacos.client.naming.remote.gprc.NamingPushRequestHandler
21:06:01:339  INFO 16440 --- [main] com.alibaba.nacos.common.remote.client   : [76f30090-3f29-4d33-9804-7c1430f50e51] Try to connect to server on start up, server: {serverIp = '192.168.163.130', server main port = 8848}
21:06:01:693  INFO 16440 --- [main] com.alibaba.nacos.common.remote.client   : [76f30090-3f29-4d33-9804-7c1430f50e51] Success to connect to server [192.168.163.130:8848] on start up, connectionId = 1735131962623_192.168.163.133_60261
21:06:01:694  INFO 16440 --- [com.alibaba.nacos.client.remote.worker] com.alibaba.nacos.common.remote.client   : [76f30090-3f29-4d33-9804-7c1430f50e51] Notify connected event to listeners.
21:06:01:694  INFO 16440 --- [main] com.alibaba.nacos.common.remote.client   : [76f30090-3f29-4d33-9804-7c1430f50e51] Register server push request handler:com.alibaba.nacos.common.remote.client.RpcClient$ConnectResetRequestHandler
21:06:01:696  INFO 16440 --- [main] com.alibaba.nacos.common.remote.client   : [76f30090-3f29-4d33-9804-7c1430f50e51] Register server push request handler:com.alibaba.nacos.common.remote.client.RpcClient$$Lambda/0x000001e9c44c6010
21:06:01:826  INFO 16440 --- [main] o.s.b.w.embedded.tomcat.TomcatWebServer  : Tomcat started on port(s): 8081 (http) with context path ''
21:06:01:887  INFO 16440 --- [main] c.a.c.n.registry.NacosServiceRegistry    : nacos registry, DEFAULT_GROUP item-service 10.244.21.17:8081 register finished
21:06:01:900  INFO 16440 --- [main] d.s.w.p.DocumentationPluginsBootstrapper : Documentation plugins bootstrapped
21:06:01:908  INFO 16440 --- [main] d.s.w.p.DocumentationPluginsBootstrapper : Found 1 custom documentation plugin(s)
21:06:02:031  INFO 16440 --- [main] s.d.s.w.s.ApiListingReferenceScanner     : Scanning for api listing references
21:06:02:447  INFO 16440 --- [nacos-grpc-client-executor-6] com.alibaba.nacos.common.remote.client   : [76f30090-3f29-4d33-9804-7c1430f50e51] Receive server push request, request = NotifySubscriberRequest, requestId = 51
21:06:02:470  INFO 16440 --- [nacos-grpc-client-executor-6] com.alibaba.nacos.common.remote.client   : [76f30090-3f29-4d33-9804-7c1430f50e51] Ack server push request, request = NotifySubscriberRequest, requestId = 51
21:06:02:540  INFO 16440 --- [main] com.hmall.item.ItemApplication           : Started ItemApplication in 14.254 seconds (JVM running for 14.993)
21:06:02:581  INFO 16440 --- [main] c.a.c.n.refresh.NacosContextRefresher    : [Nacos Config] Listening config: dataId=item-service.yaml, group=DEFAULT_GROUP
21:06:02:584  INFO 16440 --- [main] c.a.c.n.refresh.NacosContextRefresher    : [Nacos Config] Listening config: dataId=item-service-local.yaml, group=DEFAULT_GROUP
21:06:02:586  INFO 16440 --- [main] c.a.c.n.refresh.NacosContextRefresher    : [Nacos Config] Listening config: dataId=item-service, group=DEFAULT_GROUP
21:08:41:165  INFO 16440 --- [http-nio-8081-exec-6] o.a.c.c.C.[Tomcat].[localhost].[/]       : Initializing Spring DispatcherServlet 'dispatcherServlet'
21:08:41:167  INFO 16440 --- [http-nio-8081-exec-6] o.s.web.servlet.DispatcherServlet        : Initializing Servlet 'dispatcherServlet'
21:08:41:169  INFO 16440 --- [http-nio-8081-exec-6] o.s.web.servlet.DispatcherServlet        : Completed initialization in 2 ms
21:08:41:306  INFO 16440 --- [http-nio-8081-exec-6] com.zaxxer.hikari.HikariDataSource       : HikariPool-1 - Starting...
21:08:41:704  INFO 16440 --- [http-nio-8081-exec-6] com.zaxxer.hikari.HikariDataSource       : HikariPool-1 - Start completed.
21:08:41:713 DEBUG 16440 --- [http-nio-8081-exec-6] c.h.i.mapper.ItemMapper.selectBatchIds   : ==>  Preparing: SELECT id,name,price,stock,image,category,brand,spec,sold,comment_count,isAD,status,create_time,update_time,creater,updater FROM item WHERE id IN ( ? )
21:08:41:758 DEBUG 16440 --- [http-nio-8081-exec-6] c.h.i.mapper.ItemMapper.selectBatchIds   : ==> Parameters: 100000006163(Long)
21:08:41:805 DEBUG 16440 --- [http-nio-8081-exec-6] c.h.i.mapper.ItemMapper.selectBatchIds   : <==      Total: 1
21:08:51:693 DEBUG 16440 --- [http-nio-8081-exec-2] c.h.i.mapper.ItemMapper.selectBatchIds   : ==>  Preparing: SELECT id,name,price,stock,image,category,brand,spec,sold,comment_count,isAD,status,create_time,update_time,creater,updater FROM item WHERE id IN ( ? )
21:08:51:695 DEBUG 16440 --- [http-nio-8081-exec-2] c.h.i.mapper.ItemMapper.selectBatchIds   : ==> Parameters: 100000006163(Long)
21:08:51:703 DEBUG 16440 --- [http-nio-8081-exec-2] c.h.i.mapper.ItemMapper.selectBatchIds   : <==      Total: 1
21:08:54:699 DEBUG 16440 --- [http-nio-8081-exec-7] c.h.i.mapper.ItemMapper.selectBatchIds   : ==>  Preparing: SELECT id,name,price,stock,image,category,brand,spec,sold,comment_count,isAD,status,create_time,update_time,creater,updater FROM item WHERE id IN ( ? )
21:08:54:699 DEBUG 16440 --- [http-nio-8081-exec-7] c.h.i.mapper.ItemMapper.selectBatchIds   : ==> Parameters: 100000006163(Long)
21:08:54:701 DEBUG 16440 --- [http-nio-8081-exec-7] c.h.i.mapper.ItemMapper.selectBatchIds   : <==      Total: 1
21:08:58:945 DEBUG 16440 --- [http-nio-8081-exec-3] c.h.i.mapper.ItemMapper.selectBatchIds   : ==>  Preparing: SELECT id,name,price,stock,image,category,brand,spec,sold,comment_count,isAD,status,create_time,update_time,creater,updater FROM item WHERE id IN ( ? )
21:08:58:947 DEBUG 16440 --- [http-nio-8081-exec-3] c.h.i.mapper.ItemMapper.selectBatchIds   : ==> Parameters: 100000006163(Long)
21:08:58:952 DEBUG 16440 --- [http-nio-8081-exec-3] c.h.i.mapper.ItemMapper.selectBatchIds   : <==      Total: 1
21:09:03:774  WARN 16440 --- [http-nio-8081-exec-8] c.b.m.c.t.support.ReflectLambdaMeta      : Unable to make field private final java.lang.Class java.lang.invoke.SerializedLambda.capturingClass accessible: module java.base does not "opens java.lang.invoke" to unnamed module @4e3958e7
21:09:03:841 DEBUG 16440 --- [http-nio-8081-exec-8] c.h.i.m.ItemMapper.selectPage_mpCount    : ==>  Preparing: SELECT COUNT(*) AS total FROM item WHERE (status = ?)
21:09:03:843 DEBUG 16440 --- [http-nio-8081-exec-8] c.h.i.m.ItemMapper.selectPage_mpCount    : ==> Parameters: 1(Integer)
21:09:03:872 DEBUG 16440 --- [http-nio-8081-exec-8] c.h.i.m.ItemMapper.selectPage_mpCount    : <==      Total: 1
21:09:03:883 DEBUG 16440 --- [http-nio-8081-exec-8] c.h.item.mapper.ItemMapper.selectPage    : ==>  Preparing: SELECT id, name, price, stock, image, category, brand, spec, sold, comment_count, isAD, status, create_time, update_time, creater, updater FROM item WHERE (status = ?) ORDER BY update_time DESC LIMIT ?
21:09:03:884 DEBUG 16440 --- [http-nio-8081-exec-8] c.h.item.mapper.ItemMapper.selectPage    : ==> Parameters: 1(Integer), 20(Long)
21:09:04:105 DEBUG 16440 --- [http-nio-8081-exec-8] c.h.item.mapper.ItemMapper.selectPage    : <==      Total: 20
21:09:07:935 DEBUG 16440 --- [http-nio-8081-exec-9] c.h.i.mapper.ItemMapper.selectBatchIds   : ==>  Preparing: SELECT id,name,price,stock,image,category,brand,spec,sold,comment_count,isAD,status,create_time,update_time,creater,updater FROM item WHERE id IN ( ? , ? )
21:09:07:937 DEBUG 16440 --- [http-nio-8081-exec-9] c.h.i.mapper.ItemMapper.selectBatchIds   : ==> Parameters: 100000006163(Long), 100001511821(Long)
21:09:07:943 DEBUG 16440 --- [http-nio-8081-exec-9] c.h.i.mapper.ItemMapper.selectBatchIds   : <==      Total: 2
21:09:13:658 DEBUG 16440 --- [http-nio-8081-exec-4] c.h.i.mapper.ItemMapper.selectBatchIds   : ==>  Preparing: SELECT id,name,price,stock,image,category,brand,spec,sold,comment_count,isAD,status,create_time,update_time,creater,updater FROM item WHERE id IN ( ? )
21:09:13:659 DEBUG 16440 --- [http-nio-8081-exec-4] c.h.i.mapper.ItemMapper.selectBatchIds   : ==> Parameters: 100001511821(Long)
21:09:13:661 DEBUG 16440 --- [http-nio-8081-exec-4] c.h.i.mapper.ItemMapper.selectBatchIds   : <==      Total: 1
21:09:13:889  WARN 16440 --- [http-nio-8081-exec-5] c.h.item.service.impl.ItemServiceImpl    : SqlSession [org.apache.ibatis.session.defaults.DefaultSqlSession@e2227b7] Transaction not enabled
21:09:13:891 DEBUG 16440 --- [http-nio-8081-exec-5] c.h.item.mapper.ItemMapper.updateStock   : ==>  Preparing: UPDATE item SET stock = stock - ? WHERE id = ?
