20:54:11:563  INFO 18164 --- [main] com.hmall.user.UserApplication           : The following 1 profile is active: "local"
20:54:12:426  INFO 18164 --- [main] .s.d.r.c.RepositoryConfigurationDelegate : Multiple Spring Data modules found, entering strict repository configuration mode
20:54:12:430  INFO 18164 --- [main] .s.d.r.c.RepositoryConfigurationDelegate : Bootstrapping Spring Data Redis repositories in DEFAULT mode.
20:54:12:460  INFO 18164 --- [main] .s.d.r.c.RepositoryConfigurationDelegate : Finished Spring Data repository scanning in 14 ms. Found 0 Redis repository interfaces.
20:54:12:768  INFO 18164 --- [main] o.s.cloud.context.scope.GenericScope     : BeanFactory id=37c03ba5-6314-39e8-9143-61483a5a193e
20:54:13:406  INFO 18164 --- [main] o.s.b.w.embedded.tomcat.TomcatWebServer  : Tomcat initialized with port(s): 8084 (http)
20:54:13:418  INFO 18164 --- [main] o.apache.catalina.core.StandardService   : Starting service [Tomcat]
20:54:13:418  INFO 18164 --- [main] org.apache.catalina.core.StandardEngine  : Starting Servlet engine: [Apache Tomcat/9.0.75]
20:54:13:552  INFO 18164 --- [main] o.a.c.c.C.[Tomcat].[localhost].[/]       : Initializing Spring embedded WebApplicationContext
20:54:13:553  INFO 18164 --- [main] w.s.c.ServletWebServerApplicationContext : Root WebApplicationContext: initialization completed in 1961 ms
20:54:15:208  INFO 18164 --- [main] pertySourcedRequestMappingHandlerMapping : Mapped URL path [/v2/api-docs] onto method [springfox.documentation.swagger2.web.Swagger2ControllerWebMvc#getDocumentation(String, HttpServletRequest)]
20:54:15:973  INFO 18164 --- [main] com.alibaba.nacos.common.remote.client   : [RpcClientFactory] create a new rpc client of b91018c5-54dd-4263-8dfb-4ee6c87d134d
20:54:15:979  INFO 18164 --- [main] com.alibaba.nacos.common.remote.client   : [b91018c5-54dd-4263-8dfb-4ee6c87d134d] RpcClient init label, labels = {module=naming, source=sdk}
20:54:15:979  INFO 18164 --- [main] com.alibaba.nacos.common.remote.client   : [b91018c5-54dd-4263-8dfb-4ee6c87d134d] RpcClient init, ServerListFactory = com.alibaba.nacos.client.naming.core.ServerListManager
20:54:15:979  INFO 18164 --- [main] com.alibaba.nacos.common.remote.client   : [b91018c5-54dd-4263-8dfb-4ee6c87d134d] Registry connection listener to current client:com.alibaba.nacos.client.naming.remote.gprc.redo.NamingGrpcRedoService
20:54:15:979  INFO 18164 --- [main] com.alibaba.nacos.common.remote.client   : [b91018c5-54dd-4263-8dfb-4ee6c87d134d] Register server push request handler:com.alibaba.nacos.client.naming.remote.gprc.NamingPushRequestHandler
20:54:15:979  INFO 18164 --- [main] com.alibaba.nacos.common.remote.client   : [b91018c5-54dd-4263-8dfb-4ee6c87d134d] Try to connect to server on start up, server: {serverIp = '192.168.163.130', server main port = 8848}
20:54:16:106  INFO 18164 --- [main] com.alibaba.nacos.common.remote.client   : [b91018c5-54dd-4263-8dfb-4ee6c87d134d] Success to connect to server [192.168.163.130:8848] on start up, connectionId = 1734958456441_192.168.163.133_54018
20:54:16:106  INFO 18164 --- [main] com.alibaba.nacos.common.remote.client   : [b91018c5-54dd-4263-8dfb-4ee6c87d134d] Register server push request handler:com.alibaba.nacos.common.remote.client.RpcClient$ConnectResetRequestHandler
20:54:16:106  INFO 18164 --- [com.alibaba.nacos.client.remote.worker] com.alibaba.nacos.common.remote.client   : [b91018c5-54dd-4263-8dfb-4ee6c87d134d] Notify connected event to listeners.
20:54:16:107  INFO 18164 --- [main] com.alibaba.nacos.common.remote.client   : [b91018c5-54dd-4263-8dfb-4ee6c87d134d] Register server push request handler:com.alibaba.nacos.common.remote.client.RpcClient$$Lambda/0x000001dab14a8fe8
20:54:16:166  INFO 18164 --- [main] o.s.b.w.embedded.tomcat.TomcatWebServer  : Tomcat started on port(s): 8084 (http) with context path ''
20:54:16:186  INFO 18164 --- [main] c.a.c.n.registry.NacosServiceRegistry    : nacos registry, DEFAULT_GROUP user-service 10.244.21.17:8084 register finished
20:54:16:194  INFO 18164 --- [main] d.s.w.p.DocumentationPluginsBootstrapper : Documentation plugins bootstrapped
20:54:16:200  INFO 18164 --- [main] d.s.w.p.DocumentationPluginsBootstrapper : Found 1 custom documentation plugin(s)
20:54:16:229  INFO 18164 --- [main] s.d.s.w.s.ApiListingReferenceScanner     : Scanning for api listing references
20:54:16:234  INFO 18164 --- [main] com.hmall.user.UserApplication           : Started UserApplication in 7.035 seconds (JVM running for 7.684)
20:54:16:249  INFO 18164 --- [main] c.a.c.n.refresh.NacosContextRefresher    : [Nacos Config] Listening config: dataId=user-service.yaml, group=DEFAULT_GROUP
20:54:16:249  INFO 18164 --- [main] c.a.c.n.refresh.NacosContextRefresher    : [Nacos Config] Listening config: dataId=user-service-local.yaml, group=DEFAULT_GROUP
20:54:16:249  INFO 18164 --- [main] c.a.c.n.refresh.NacosContextRefresher    : [Nacos Config] Listening config: dataId=user-service, group=DEFAULT_GROUP
20:54:16:719  INFO 18164 --- [nacos-grpc-client-executor-7] com.alibaba.nacos.common.remote.client   : [b91018c5-54dd-4263-8dfb-4ee6c87d134d] Receive server push request, request = NotifySubscriberRequest, requestId = 29
20:54:16:722  INFO 18164 --- [nacos-grpc-client-executor-7] com.alibaba.nacos.common.remote.client   : [b91018c5-54dd-4263-8dfb-4ee6c87d134d] Ack server push request, request = NotifySubscriberRequest, requestId = 29
20:54:24:906  INFO 18164 --- [http-nio-8084-exec-1] o.a.c.c.C.[Tomcat].[localhost].[/]       : Initializing Spring DispatcherServlet 'dispatcherServlet'
20:54:24:906  INFO 18164 --- [http-nio-8084-exec-1] o.s.web.servlet.DispatcherServlet        : Initializing Servlet 'dispatcherServlet'
20:54:24:912  INFO 18164 --- [http-nio-8084-exec-1] o.s.web.servlet.DispatcherServlet        : Completed initialization in 6 ms
20:54:25:112  WARN 18164 --- [http-nio-8084-exec-1] c.b.m.c.t.support.ReflectLambdaMeta      : Unable to make field private final java.lang.Class java.lang.invoke.SerializedLambda.capturingClass accessible: module java.base does not "opens java.lang.invoke" to unnamed module @46fa7c39
20:54:25:132  INFO 18164 --- [http-nio-8084-exec-1] com.zaxxer.hikari.HikariDataSource       : HikariPool-1 - Starting...
20:54:25:473  INFO 18164 --- [http-nio-8084-exec-1] com.zaxxer.hikari.HikariDataSource       : HikariPool-1 - Start completed.
20:54:25:488 DEBUG 18164 --- [http-nio-8084-exec-1] c.h.user.mapper.UserMapper.selectList    : ==>  Preparing: SELECT id,username,password,phone,create_time,update_time,status,balance FROM user WHERE (username = ?)
20:54:25:521 DEBUG 18164 --- [http-nio-8084-exec-1] c.h.user.mapper.UserMapper.selectList    : ==> Parameters: jack(String)
20:54:25:563 DEBUG 18164 --- [http-nio-8084-exec-1] c.h.user.mapper.UserMapper.selectList    : <==      Total: 1
21:56:17:156 DEBUG 18164 --- [http-nio-8084-exec-4] c.h.user.mapper.UserMapper.selectList    : ==>  Preparing: SELECT id,username,password,phone,create_time,update_time,status,balance FROM user WHERE (username = ?)
21:56:17:161 DEBUG 18164 --- [http-nio-8084-exec-4] c.h.user.mapper.UserMapper.selectList    : ==> Parameters: jack(String)
21:56:17:164 DEBUG 18164 --- [http-nio-8084-exec-4] c.h.user.mapper.UserMapper.selectList    : <==      Total: 1
